[  0%] Built target visualization_msgs_generate_messages_py
[  0%] Built target actionlib_msgs_generate_messages_lisp
[  0%] Built target vector_map_msgs_generate_messages_py
[  0%] Built target visualization_msgs_generate_messages_lisp
[  0%] Built target visualization_msgs_generate_messages_cpp
[  0%] Built target vector_map_msgs_generate_messages_eus
[  0%] Built target vector_map_msgs_generate_messages_nodejs
[  0%] Built target tf_generate_messages_py
[  0%] Built target tf_generate_messages_eus
[  0%] Built target tf2_msgs_generate_messages_nodejs
[  0%] Built target actionlib_generate_messages_eus
[  0%] Built target tf2_msgs_generate_messages_eus
[  0%] Built target tf2_msgs_generate_messages_lisp
[  0%] Built target tf_generate_messages_lisp
[  0%] Built target rosgraph_msgs_generate_messages_py
[  0%] Built target tf2_msgs_generate_messages_cpp
[  0%] Built target rosgraph_msgs_generate_messages_lisp
[  0%] Built target rosgraph_msgs_generate_messages_eus
[  0%] Built target tf_generate_messages_nodejs
[  0%] Built target rosgraph_msgs_generate_messages_nodejs
[  0%] Built target roscpp_generate_messages_nodejs
[  0%] Built target roscpp_generate_messages_lisp
[  0%] Built target roscpp_generate_messages_py
[  0%] Built target roscpp_generate_messages_eus
[  0%] Built target roscpp_generate_messages_cpp
[  0%] Built target geometry_msgs_generate_messages_nodejs
[  0%] Built target geometry_msgs_generate_messages_eus
[  0%] Built target sensor_msgs_generate_messages_cpp
[  0%] Built target std_msgs_generate_messages_py
[  0%] Built target actionlib_msgs_generate_messages_py
[  0%] Built target std_msgs_generate_messages_lisp
[  0%] Built target jsk_recognition_msgs_generate_messages_lisp
[  0%] Built target std_msgs_generate_messages_eus
[  0%] Built target geometry_msgs_generate_messages_cpp
[  0%] Built target vector_map_msgs_generate_messages_lisp
[  0%] Built target sensor_msgs_generate_messages_nodejs
[  0%] Built target pcl_msgs_generate_messages_lisp
[  0%] Built target autoware_msgs_generate_messages_py
[  0%] Built target tf_generate_messages_cpp
[  0%] Built target geometry_msgs_generate_messages_py
[  0%] Built target std_msgs_generate_messages_nodejs
[  0%] Built target actionlib_generate_messages_py
[  0%] Built target actionlib_generate_messages_cpp
[  0%] Built target pcl_msgs_generate_messages_py
[  0%] Built target sensor_msgs_generate_messages_py
[  0%] Built target autoware_msgs_generate_messages_cpp
[  0%] Built target jsk_recognition_msgs_generate_messages_cpp
[  0%] Built target autoware_msgs_generate_messages_eus
[  0%] Built target sensor_msgs_generate_messages_lisp
[  0%] Built target jsk_recognition_msgs_generate_messages_nodejs
[  0%] Built target pcl_msgs_generate_messages_eus
[  0%] Built target jsk_recognition_msgs_generate_messages_py
[  0%] Built target autoware_msgs_generate_messages_lisp
[  0%] Built target pcl_msgs_generate_messages_cpp
[  0%] Built target rosgraph_msgs_generate_messages_cpp
[  0%] Built target geometry_msgs_generate_messages_lisp
[  0%] Built target jsk_footstep_msgs_generate_messages_cpp
[  0%] Built target pcl_msgs_generate_messages_nodejs
[  0%] Built target visualization_msgs_generate_messages_eus
[  0%] Built target jsk_footstep_msgs_generate_messages_eus
[  0%] Built target autoware_msgs_generate_messages_nodejs
[  0%] Built target jsk_footstep_msgs_generate_messages_lisp
[  0%] Built target _catkin_empty_exported_target
[  0%] Built target visualization_msgs_generate_messages_nodejs
[  0%] Built target vector_map_msgs_generate_messages_cpp
[  0%] Built target tf2_msgs_generate_messages_py
[  0%] Built target jsk_footstep_msgs_generate_messages_nodejs
[  0%] Built target actionlib_msgs_generate_messages_nodejs
[  0%] Built target actionlib_generate_messages_lisp
[  0%] Built target jsk_footstep_msgs_generate_messages_py
[  0%] Built target actionlib_generate_messages_nodejs
[  0%] Built target actionlib_msgs_generate_messages_eus
[  0%] Built target sensor_msgs_generate_messages_eus
[  0%] Built target actionlib_msgs_generate_messages_cpp
[  0%] Built target std_msgs_generate_messages_cpp
[  0%] Built target jsk_recognition_msgs_generate_messages_eus
[35m[1mScanning dependencies of target speed_planner[0m
[ 20%] [32mBuilding CXX object CMakeFiles/speed_planner.dir/src/speed_planner_node.cpp.o[0m
[ 40%] [32m[1mLinking CXX executable devel/lib/speed_planner/speed_planner[0m
[100%] Built target speed_planner
Built target tests
[  0%] Built target vector_map_msgs_generate_messages_eus
[  0%] Built target vector_map_msgs_generate_messages_nodejs
[  0%] Built target tf_generate_messages_py
[  0%] Built target vector_map_msgs_generate_messages_py
[  0%] Built target visualization_msgs_generate_messages_py
[  0%] Built target actionlib_msgs_generate_messages_lisp
[  0%] Built target visualization_msgs_generate_messages_cpp
[  0%] Built target visualization_msgs_generate_messages_lisp
[  0%] Built target actionlib_generate_messages_eus
[  0%] Built target tf2_msgs_generate_messages_eus
[  0%] Built target tf2_msgs_generate_messages_nodejs
[  0%] Built target tf_generate_messages_eus
[  0%] Built target tf2_msgs_generate_messages_lisp
[  0%] Built target tf_generate_messages_lisp
[  0%] Built target tf2_msgs_generate_messages_cpp
[  0%] Built target rosgraph_msgs_generate_messages_py
[  0%] Built target rosgraph_msgs_generate_messages_nodejs
[  0%] Built target roscpp_generate_messages_py
[  0%] Built target rosgraph_msgs_generate_messages_eus
[  0%] Built target rosgraph_msgs_generate_messages_lisp
[  0%] Built target roscpp_generate_messages_nodejs
[  0%] Built target tf_generate_messages_nodejs
[  0%] Built target roscpp_generate_messages_lisp
[  0%] Built target roscpp_generate_messages_eus
[  0%] Built target roscpp_generate_messages_cpp
[  0%] Built target geometry_msgs_generate_messages_eus
[  0%] Built target geometry_msgs_generate_messages_nodejs
[  0%] Built target std_msgs_generate_messages_lisp
[  0%] Built target actionlib_msgs_generate_messages_py
[  0%] Built target sensor_msgs_generate_messages_cpp
[  0%] Built target std_msgs_generate_messages_py
[  0%] Built target std_msgs_generate_messages_eus
[  0%] Built target sensor_msgs_generate_messages_nodejs
[  0%] Built target geometry_msgs_generate_messages_cpp
[  0%] Built target jsk_recognition_msgs_generate_messages_lisp
[  0%] Built target vector_map_msgs_generate_messages_lisp
[  0%] Built target pcl_msgs_generate_messages_lisp
[  0%] Built target tf_generate_messages_cpp
[  0%] Built target autoware_msgs_generate_messages_py
[  0%] Built target std_msgs_generate_messages_nodejs
[  0%] Built target geometry_msgs_generate_messages_py
[  0%] Built target actionlib_generate_messages_py
[  0%] Built target actionlib_generate_messages_cpp
[  0%] Built target pcl_msgs_generate_messages_py
[  0%] Built target autoware_msgs_generate_messages_cpp
[  0%] Built target sensor_msgs_generate_messages_py
[  0%] Built target autoware_msgs_generate_messages_eus
[  0%] Built target jsk_recognition_msgs_generate_messages_cpp
[  0%] Built target sensor_msgs_generate_messages_lisp
[  0%] Built target pcl_msgs_generate_messages_cpp
[  0%] Built target jsk_recognition_msgs_generate_messages_nodejs
[  0%] Built target rosgraph_msgs_generate_messages_cpp
[  0%] Built target autoware_msgs_generate_messages_lisp
[  0%] Built target jsk_recognition_msgs_generate_messages_py
[  0%] Built target pcl_msgs_generate_messages_eus
[  0%] Built target jsk_footstep_msgs_generate_messages_cpp
[  0%] Built target geometry_msgs_generate_messages_lisp
[  0%] Built target jsk_footstep_msgs_generate_messages_eus
[  0%] Built target pcl_msgs_generate_messages_nodejs
[  0%] Built target autoware_msgs_generate_messages_nodejs
[  0%] Built target visualization_msgs_generate_messages_nodejs
[  0%] Built target _catkin_empty_exported_target
[  0%] Built target visualization_msgs_generate_messages_eus
[  0%] Built target jsk_footstep_msgs_generate_messages_lisp
[  0%] Built target vector_map_msgs_generate_messages_cpp
[  0%] Built target jsk_footstep_msgs_generate_messages_nodejs
[  0%] Built target actionlib_msgs_generate_messages_nodejs
[  0%] Built target tf2_msgs_generate_messages_py
[  0%] Built target actionlib_generate_messages_lisp
[  0%] Built target actionlib_msgs_generate_messages_eus
[  0%] Built target jsk_footstep_msgs_generate_messages_py
[  0%] Built target actionlib_generate_messages_nodejs
[  0%] Built target jsk_recognition_msgs_generate_messages_eus
[  0%] Built target sensor_msgs_generate_messages_eus
[  0%] Built target actionlib_msgs_generate_messages_cpp
[  0%] Built target std_msgs_generate_messages_cpp
[100%] Built target speed_planner
[36mInstall the project...[0m
-- Install configuration: ""
-- Up-to-date: /home/yutaka/autoware.ai/src/autoware/core_planning/speed_planner/install/speed_planner/lib/pkgconfig/speed_planner.pc
-- Up-to-date: /home/yutaka/autoware.ai/src/autoware/core_planning/speed_planner/install/speed_planner/share/speed_planner/cmake/speed_plannerConfig.cmake
-- Up-to-date: /home/yutaka/autoware.ai/src/autoware/core_planning/speed_planner/install/speed_planner/share/speed_planner/cmake/speed_plannerConfig-version.cmake
-- Up-to-date: /home/yutaka/autoware.ai/src/autoware/core_planning/speed_planner/install/speed_planner/share/speed_planner/package.xml
-- Installing: /home/yutaka/autoware.ai/src/autoware/core_planning/speed_planner/install/speed_planner/lib/speed_planner/speed_planner
-- Set runtime path of "/home/yutaka/autoware.ai/src/autoware/core_planning/speed_planner/install/speed_planner/lib/speed_planner/speed_planner" to ""
-- Up-to-date: /home/yutaka/autoware.ai/src/autoware/core_planning/speed_planner/install/speed_planner/share/speed_planner/launch
-- Up-to-date: /home/yutaka/autoware.ai/src/autoware/core_planning/speed_planner/install/speed_planner/share/speed_planner/launch/speed_planner.launch
