Invoking command in '/home/yutaka/autoware.ai/src/autoware/core_planning/speed_planner/build/speed_planner': PS1=\[\033[01;32m\]\u@\h\[\033[01;33m\] \w$(__git_ps1) \n\[\033[01;34m\]\$\[\033[00m\] /usr/bin/cmake --build /home/yutaka/autoware.ai/src/autoware/core_planning/speed_planner/build/speed_planner -- -j8 -l8
[  0%] Built target visualization_msgs_generate_messages_py
[  0%] Built target actionlib_msgs_generate_messages_lisp
[  0%] Built target vector_map_msgs_generate_messages_py
[  0%] Built target visualization_msgs_generate_messages_lisp
[  0%] Built target visualization_msgs_generate_messages_cpp
[  0%] Built target vector_map_msgs_generate_messages_eus
[  0%] Built target vector_map_msgs_generate_messages_nodejs
[  0%] Built target tf_generate_messages_py
[  0%] Built target tf_generate_messages_eus
[  0%] Built target tf2_msgs_generate_messages_nodejs
[  0%] Built target actionlib_generate_messages_eus
[  0%] Built target tf2_msgs_generate_messages_eus
[  0%] Built target tf2_msgs_generate_messages_lisp
[  0%] Built target tf_generate_messages_lisp
[  0%] Built target rosgraph_msgs_generate_messages_py
[  0%] Built target tf2_msgs_generate_messages_cpp
[  0%] Built target rosgraph_msgs_generate_messages_lisp
[  0%] Built target rosgraph_msgs_generate_messages_eus
[  0%] Built target tf_generate_messages_nodejs
[  0%] Built target rosgraph_msgs_generate_messages_nodejs
[  0%] Built target roscpp_generate_messages_nodejs
[  0%] Built target roscpp_generate_messages_lisp
[  0%] Built target roscpp_generate_messages_py
[  0%] Built target roscpp_generate_messages_eus
[  0%] Built target roscpp_generate_messages_cpp
[  0%] Built target geometry_msgs_generate_messages_nodejs
[  0%] Built target geometry_msgs_generate_messages_eus
[  0%] Built target sensor_msgs_generate_messages_cpp
[  0%] Built target std_msgs_generate_messages_py
[  0%] Built target actionlib_msgs_generate_messages_py
[  0%] Built target std_msgs_generate_messages_lisp
[  0%] Built target jsk_recognition_msgs_generate_messages_lisp
[  0%] Built target std_msgs_generate_messages_eus
[  0%] Built target geometry_msgs_generate_messages_cpp
[  0%] Built target vector_map_msgs_generate_messages_lisp
[  0%] Built target sensor_msgs_generate_messages_nodejs
[  0%] Built target pcl_msgs_generate_messages_lisp
[  0%] Built target autoware_msgs_generate_messages_py
[  0%] Built target tf_generate_messages_cpp
[  0%] Built target geometry_msgs_generate_messages_py
[  0%] Built target std_msgs_generate_messages_nodejs
[  0%] Built target actionlib_generate_messages_py
[  0%] Built target actionlib_generate_messages_cpp
[  0%] Built target pcl_msgs_generate_messages_py
[  0%] Built target sensor_msgs_generate_messages_py
[  0%] Built target autoware_msgs_generate_messages_cpp
[  0%] Built target jsk_recognition_msgs_generate_messages_cpp
[  0%] Built target autoware_msgs_generate_messages_eus
[  0%] Built target sensor_msgs_generate_messages_lisp
[  0%] Built target jsk_recognition_msgs_generate_messages_nodejs
[  0%] Built target pcl_msgs_generate_messages_eus
[  0%] Built target jsk_recognition_msgs_generate_messages_py
[  0%] Built target autoware_msgs_generate_messages_lisp
[  0%] Built target pcl_msgs_generate_messages_cpp
[  0%] Built target rosgraph_msgs_generate_messages_cpp
[  0%] Built target geometry_msgs_generate_messages_lisp
[  0%] Built target jsk_footstep_msgs_generate_messages_cpp
[  0%] Built target pcl_msgs_generate_messages_nodejs
[  0%] Built target visualization_msgs_generate_messages_eus
[  0%] Built target jsk_footstep_msgs_generate_messages_eus
[  0%] Built target autoware_msgs_generate_messages_nodejs
[  0%] Built target jsk_footstep_msgs_generate_messages_lisp
[  0%] Built target _catkin_empty_exported_target
[  0%] Built target visualization_msgs_generate_messages_nodejs
[  0%] Built target vector_map_msgs_generate_messages_cpp
[  0%] Built target tf2_msgs_generate_messages_py
[  0%] Built target jsk_footstep_msgs_generate_messages_nodejs
[  0%] Built target actionlib_msgs_generate_messages_nodejs
[  0%] Built target actionlib_generate_messages_lisp
[  0%] Built target jsk_footstep_msgs_generate_messages_py
[  0%] Built target actionlib_generate_messages_nodejs
[  0%] Built target actionlib_msgs_generate_messages_eus
[  0%] Built target sensor_msgs_generate_messages_eus
[  0%] Built target actionlib_msgs_generate_messages_cpp
[  0%] Built target std_msgs_generate_messages_cpp
[  0%] Built target jsk_recognition_msgs_generate_messages_eus
[35m[1mScanning dependencies of target speed_planner[0m
[ 20%] [32mBuilding CXX object CMakeFiles/speed_planner.dir/src/speed_planner_node.cpp.o[0m
In file included from [01m[K/home/yutaka/autoware.ai/src/autoware/core_planning/speed_planner/include/speed_planner/speed_planner_node.h:20:0[m[K,
                 from [01m[K/home/yutaka/autoware.ai/src/autoware/core_planning/speed_planner/src/speed_planner_node.cpp:1[m[K:
[01m[K/home/yutaka/autoware.ai/src/autoware/core_planning/speed_planner/include/speed_planner/trajectory_loader.h:8:7:[m[K [01;35m[Kwarning: [m[K‘[01m[KTrajectoryLoader[m[K’ has a field ‘[01m[KTrajectoryLoader::spline_x_[m[K’ whose type uses the anonymous namespace
 class TrajectoryLoader
[01;32m[K       ^[m[K
[01m[K/home/yutaka/autoware.ai/src/autoware/core_planning/speed_planner/include/speed_planner/trajectory_loader.h:8:7:[m[K [01;35m[Kwarning: [m[K‘[01m[KTrajectoryLoader[m[K’ has a field ‘[01m[KTrajectoryLoader::spline_y_[m[K’ whose type uses the anonymous namespace
[ 40%] [32m[1mLinking CXX executable devel/lib/speed_planner/speed_planner[0m
[100%] Built target speed_planner
Invoked command in '/home/yutaka/autoware.ai/src/autoware/core_planning/speed_planner/build/speed_planner' returned '0': PS1=\[\033[01;32m\]\u@\h\[\033[01;33m\] \w$(__git_ps1) \n\[\033[01;34m\]\$\[\033[00m\] /usr/bin/cmake --build /home/yutaka/autoware.ai/src/autoware/core_planning/speed_planner/build/speed_planner -- -j8 -l8
Invoking command in '/home/yutaka/autoware.ai/src/autoware/core_planning/speed_planner/build/speed_planner': PS1=\[\033[01;32m\]\u@\h\[\033[01;33m\] \w$(__git_ps1) \n\[\033[01;34m\]\$\[\033[00m\] /usr/bin/cmake --build /home/yutaka/autoware.ai/src/autoware/core_planning/speed_planner/build/speed_planner --target tests -- -j8 -l8
Built target tests
Invoked command in '/home/yutaka/autoware.ai/src/autoware/core_planning/speed_planner/build/speed_planner' returned '0': PS1=\[\033[01;32m\]\u@\h\[\033[01;33m\] \w$(__git_ps1) \n\[\033[01;34m\]\$\[\033[00m\] /usr/bin/cmake --build /home/yutaka/autoware.ai/src/autoware/core_planning/speed_planner/build/speed_planner --target tests -- -j8 -l8
Invoking command in '/home/yutaka/autoware.ai/src/autoware/core_planning/speed_planner/build/speed_planner': PS1=\[\033[01;32m\]\u@\h\[\033[01;33m\] \w$(__git_ps1) \n\[\033[01;34m\]\$\[\033[00m\] /usr/bin/cmake --build /home/yutaka/autoware.ai/src/autoware/core_planning/speed_planner/build/speed_planner --target install -- -j8 -l8
[  0%] Built target vector_map_msgs_generate_messages_eus
[  0%] Built target vector_map_msgs_generate_messages_nodejs
[  0%] Built target tf_generate_messages_py
[  0%] Built target vector_map_msgs_generate_messages_py
[  0%] Built target visualization_msgs_generate_messages_py
[  0%] Built target actionlib_msgs_generate_messages_lisp
[  0%] Built target visualization_msgs_generate_messages_cpp
[  0%] Built target visualization_msgs_generate_messages_lisp
[  0%] Built target actionlib_generate_messages_eus
[  0%] Built target tf2_msgs_generate_messages_eus
[  0%] Built target tf2_msgs_generate_messages_nodejs
[  0%] Built target tf_generate_messages_eus
[  0%] Built target tf2_msgs_generate_messages_lisp
[  0%] Built target tf_generate_messages_lisp
[  0%] Built target tf2_msgs_generate_messages_cpp
[  0%] Built target rosgraph_msgs_generate_messages_py
[  0%] Built target rosgraph_msgs_generate_messages_nodejs
[  0%] Built target roscpp_generate_messages_py
[  0%] Built target rosgraph_msgs_generate_messages_eus
[  0%] Built target rosgraph_msgs_generate_messages_lisp
[  0%] Built target roscpp_generate_messages_nodejs
[  0%] Built target tf_generate_messages_nodejs
[  0%] Built target roscpp_generate_messages_lisp
[  0%] Built target roscpp_generate_messages_eus
[  0%] Built target roscpp_generate_messages_cpp
[  0%] Built target geometry_msgs_generate_messages_eus
[  0%] Built target geometry_msgs_generate_messages_nodejs
[  0%] Built target std_msgs_generate_messages_lisp
[  0%] Built target actionlib_msgs_generate_messages_py
[  0%] Built target sensor_msgs_generate_messages_cpp
[  0%] Built target std_msgs_generate_messages_py
[  0%] Built target std_msgs_generate_messages_eus
[  0%] Built target sensor_msgs_generate_messages_nodejs
[  0%] Built target geometry_msgs_generate_messages_cpp
[  0%] Built target jsk_recognition_msgs_generate_messages_lisp
[  0%] Built target vector_map_msgs_generate_messages_lisp
[  0%] Built target pcl_msgs_generate_messages_lisp
[  0%] Built target tf_generate_messages_cpp
[  0%] Built target autoware_msgs_generate_messages_py
[  0%] Built target std_msgs_generate_messages_nodejs
[  0%] Built target geometry_msgs_generate_messages_py
[  0%] Built target actionlib_generate_messages_py
[  0%] Built target actionlib_generate_messages_cpp
[  0%] Built target pcl_msgs_generate_messages_py
[  0%] Built target autoware_msgs_generate_messages_cpp
[  0%] Built target sensor_msgs_generate_messages_py
[  0%] Built target autoware_msgs_generate_messages_eus
[  0%] Built target jsk_recognition_msgs_generate_messages_cpp
[  0%] Built target sensor_msgs_generate_messages_lisp
[  0%] Built target pcl_msgs_generate_messages_cpp
[  0%] Built target jsk_recognition_msgs_generate_messages_nodejs
[  0%] Built target rosgraph_msgs_generate_messages_cpp
[  0%] Built target autoware_msgs_generate_messages_lisp
[  0%] Built target jsk_recognition_msgs_generate_messages_py
[  0%] Built target pcl_msgs_generate_messages_eus
[  0%] Built target jsk_footstep_msgs_generate_messages_cpp
[  0%] Built target geometry_msgs_generate_messages_lisp
[  0%] Built target jsk_footstep_msgs_generate_messages_eus
[  0%] Built target pcl_msgs_generate_messages_nodejs
[  0%] Built target autoware_msgs_generate_messages_nodejs
[  0%] Built target visualization_msgs_generate_messages_nodejs
[  0%] Built target _catkin_empty_exported_target
[  0%] Built target visualization_msgs_generate_messages_eus
[  0%] Built target jsk_footstep_msgs_generate_messages_lisp
[  0%] Built target vector_map_msgs_generate_messages_cpp
[  0%] Built target jsk_footstep_msgs_generate_messages_nodejs
[  0%] Built target actionlib_msgs_generate_messages_nodejs
[  0%] Built target tf2_msgs_generate_messages_py
[  0%] Built target actionlib_generate_messages_lisp
[  0%] Built target actionlib_msgs_generate_messages_eus
[  0%] Built target jsk_footstep_msgs_generate_messages_py
[  0%] Built target actionlib_generate_messages_nodejs
[  0%] Built target jsk_recognition_msgs_generate_messages_eus
[  0%] Built target sensor_msgs_generate_messages_eus
[  0%] Built target actionlib_msgs_generate_messages_cpp
[  0%] Built target std_msgs_generate_messages_cpp
[100%] Built target speed_planner
[36mInstall the project...[0m
-- Install configuration: ""
-- Up-to-date: /home/yutaka/autoware.ai/src/autoware/core_planning/speed_planner/install/speed_planner/lib/pkgconfig/speed_planner.pc
-- Up-to-date: /home/yutaka/autoware.ai/src/autoware/core_planning/speed_planner/install/speed_planner/share/speed_planner/cmake/speed_plannerConfig.cmake
-- Up-to-date: /home/yutaka/autoware.ai/src/autoware/core_planning/speed_planner/install/speed_planner/share/speed_planner/cmake/speed_plannerConfig-version.cmake
-- Up-to-date: /home/yutaka/autoware.ai/src/autoware/core_planning/speed_planner/install/speed_planner/share/speed_planner/package.xml
-- Installing: /home/yutaka/autoware.ai/src/autoware/core_planning/speed_planner/install/speed_planner/lib/speed_planner/speed_planner
-- Set runtime path of "/home/yutaka/autoware.ai/src/autoware/core_planning/speed_planner/install/speed_planner/lib/speed_planner/speed_planner" to ""
-- Up-to-date: /home/yutaka/autoware.ai/src/autoware/core_planning/speed_planner/install/speed_planner/share/speed_planner/launch
-- Up-to-date: /home/yutaka/autoware.ai/src/autoware/core_planning/speed_planner/install/speed_planner/share/speed_planner/launch/speed_planner.launch
Invoked command in '/home/yutaka/autoware.ai/src/autoware/core_planning/speed_planner/build/speed_planner' returned '0': PS1=\[\033[01;32m\]\u@\h\[\033[01;33m\] \w$(__git_ps1) \n\[\033[01;34m\]\$\[\033[00m\] /usr/bin/cmake --build /home/yutaka/autoware.ai/src/autoware/core_planning/speed_planner/build/speed_planner --target install -- -j8 -l8
