In file included from [01m[K/home/yutaka/autoware.ai/src/autoware/core_planning/speed_planner/include/speed_planner/speed_planner_node.h:20:0[m[K,
                 from [01m[K/home/yutaka/autoware.ai/src/autoware/core_planning/speed_planner/src/speed_planner_node.cpp:1[m[K:
[01m[K/home/yutaka/autoware.ai/src/autoware/core_planning/speed_planner/include/speed_planner/trajectory_loader.h:8:7:[m[K [01;35m[Kwarning: [m[K‘[01m[KTrajectoryLoader[m[K’ has a field ‘[01m[KTrajectoryLoader::spline_x_[m[K’ whose type uses the anonymous namespace
 class TrajectoryLoader
[01;32m[K       ^[m[K
[01m[K/home/yutaka/autoware.ai/src/autoware/core_planning/speed_planner/include/speed_planner/trajectory_loader.h:8:7:[m[K [01;35m[Kwarning: [m[K‘[01m[KTrajectoryLoader[m[K’ has a field ‘[01m[KTrajectoryLoader::spline_y_[m[K’ whose type uses the anonymous namespace
[01m[K/home/yutaka/autoware.ai/src/autoware/core_planning/speed_planner/src/speed_planner_node.cpp:[m[K In constructor ‘[01m[KSpeedPlannerNode::SpeedPlannerNode()[m[K’:
[01m[K/home/yutaka/autoware.ai/src/autoware/core_planning/speed_planner/src/speed_planner_node.cpp:12:109:[m[K [01;31m[Kerror: [m[Kno matching function for call to ‘[01m[KVehicleInfo::VehicleInfo()[m[K’
 SpeedPlannerNode::SpeedPlannerNode() : nh_(), private_nh_("~"), isInitialize_(false), timer_callback_dt_(0.1)
[01;32m[K                                                                                                             ^[m[K
In file included from [01m[K/home/yutaka/autoware.ai/src/autoware/core_planning/speed_planner/include/speed_planner/speed_planner_node.h:23:0[m[K,
                 from [01m[K/home/yutaka/autoware.ai/src/autoware/core_planning/speed_planner/src/speed_planner_node.cpp:1[m[K:
[01m[K/home/yutaka/autoware.ai/src/autoware/core_planning/speed_planner/include/speed_planner/vehicle_info.h:11:5:[m[K [01;36m[Knote: [m[Kcandidate: VehicleInfo::VehicleInfo(double, double, double, double)
     VehicleInfo(const double length, const double width, const double wheelBase, const double safety_distance)
[01;32m[K     ^[m[K
[01m[K/home/yutaka/autoware.ai/src/autoware/core_planning/speed_planner/include/speed_planner/vehicle_info.h:11:5:[m[K [01;36m[Knote: [m[K  candidate expects 4 arguments, 0 provided
[01m[K/home/yutaka/autoware.ai/src/autoware/core_planning/speed_planner/include/speed_planner/vehicle_info.h:8:7:[m[K [01;36m[Knote: [m[Kcandidate: constexpr VehicleInfo::VehicleInfo(const VehicleInfo&)
 class VehicleInfo
[01;32m[K       ^[m[K
[01m[K/home/yutaka/autoware.ai/src/autoware/core_planning/speed_planner/include/speed_planner/vehicle_info.h:8:7:[m[K [01;36m[Knote: [m[K  candidate expects 1 argument, 0 provided
[01m[K/home/yutaka/autoware.ai/src/autoware/core_planning/speed_planner/src/speed_planner_node.cpp:[m[K In member function ‘[01m[Kvoid SpeedPlannerNode::objectsCallback(const DetectedObjectArray&)[m[K’:
[01m[K/home/yutaka/autoware.ai/src/autoware/core_planning/speed_planner/src/speed_planner_node.cpp:100:22:[m[K [01;31m[Kerror: [m[K‘[01m[Kego_vehicle_ptr_[m[K’ was not declared in this scope
   if(in_lane_ptr_ && ego_vehicle_ptr_)
[01;32m[K                      ^[m[K
make[2]: *** [CMakeFiles/speed_planner.dir/src/speed_planner_node.cpp.o] エラー 1
make[1]: *** [CMakeFiles/speed_planner.dir/all] エラー 2
make: *** [all] エラー 2
