-- The C compiler identification is GNU 5.4.0
-- The CXX compiler identification is GNU 5.4.0
-- Check for working C compiler: /usr/bin/cc
-- Check for working C compiler: /usr/bin/cc -- works
-- Detecting C compiler ABI info
-- Detecting C compiler ABI info - done
-- Detecting C compile features
-- Detecting C compile features - done
-- Check for working CXX compiler: /usr/bin/c++
-- Check for working CXX compiler: /usr/bin/c++ -- works
-- Detecting CXX compiler ABI info
-- Detecting CXX compiler ABI info - done
-- Detecting CXX compile features
-- Detecting CXX compile features - done
-- Using CATKIN_DEVEL_PREFIX: /home/yutaka/autoware.ai/src/autoware/core_planning/speed_planner/build/speed_planner/devel
-- Using CMAKE_PREFIX_PATH: /home/yutaka/autoware.ai/install/ymc;/home/yutaka/autoware.ai/install/xsens_driver;/home/yutaka/autoware.ai/install/wf_simulator;/home/yutaka/autoware.ai/install/lattice_planner;/home/yutaka/autoware.ai/install/waypoint_planner;/home/yutaka/autoware.ai/install/waypoint_maker;/home/yutaka/autoware.ai/install/way_planner;/home/yutaka/autoware.ai/install/vlg22c_cam;/home/yutaka/autoware.ai/install/vision_ssd_detect;/home/yutaka/autoware.ai/install/vision_segment_enet_detect;/home/yutaka/autoware.ai/install/vision_lane_detect;/home/yutaka/autoware.ai/install/vision_darknet_detect;/home/yutaka/autoware.ai/install/vision_beyond_track;/home/yutaka/autoware.ai/install/vel_pose_diff_checker;/home/yutaka/autoware.ai/install/vehicle_socket;/home/yutaka/autoware.ai/install/vehicle_model;/home/yutaka/autoware.ai/install/vehicle_gazebo_simulation_launcher;/home/yutaka/autoware.ai/install/vehicle_gazebo_simulation_interface;/home/yutaka/autoware.ai/install/vehicle_engage_panel;/home/yutaka/autoware.ai/install/vehicle_description;/home/yutaka/autoware.ai/install/trafficlight_recognizer;/home/yutaka/autoware.ai/install/op_utilities;/home/yutaka/autoware.ai/install/op_simulation_package;/home/yutaka/autoware.ai/install/op_local_planner;/home/yutaka/autoware.ai/install/op_global_planner;/home/yutaka/autoware.ai/install/lidar_kf_contour_track;/home/yutaka/autoware.ai/install/op_ros_helpers;/home/yutaka/autoware.ai/install/ff_waypoint_follower;/home/yutaka/autoware.ai/install/dp_planner;/home/yutaka/autoware.ai/install/op_simu;/home/yutaka/autoware.ai/install/op_planner;/home/yutaka/autoware.ai/install/op_utility;/home/yutaka/autoware.ai/install/lidar_euclidean_cluster_detect;/home/yutaka/autoware.ai/install/vector_map_server;/home/yutaka/autoware.ai/install/speed_planner;/home/yutaka/autoware.ai/install/road_occupancy_processor;/home/yutaka/autoware.ai/install/costmap_generator;/home/yutaka/autoware.ai/install/object_map;/home/yutaka/autoware.ai/install/naive_motion_predict;/home/yutaka/autoware.ai/install/lanelet_aisan_converter;/home/yutaka/autoware.ai/install/map_file;/home/yutaka/autoware.ai/install/libvectormap;/home/yutaka/autoware.ai/install/lane_planner;/home/yutaka/autoware.ai/install/imm_ukf_pda_track;/home/yutaka/autoware.ai/install/decision_maker;/home/yutaka/autoware.ai/install/vector_map;/home/yutaka/autoware.ai/install/vector_map_msgs;/home/yutaka/autoware.ai/install/vectacam;/home/yutaka/autoware.ai/install/udon_socket;/home/yutaka/autoware.ai/install/twist_generator;/home/yutaka/autoware.ai/install/twist_gate;/home/yutaka/autoware.ai/install/twist_filter;/home/yutaka/autoware.ai/install/twist2odom;/home/yutaka/autoware.ai/install/tablet_socket;/home/yutaka/autoware.ai/install/runtime_manager;/home/yutaka/autoware.ai/install/mqtt_socket;/home/yutaka/autoware.ai/install/tablet_socket_msgs;/home/yutaka/autoware.ai/install/state_machine_lib;/home/yutaka/autoware.ai/install/sound_player;/home/yutaka/autoware.ai/install/sick_lms5xx;/home/yutaka/autoware.ai/install/sick_ldmrs_tools;/home/yutaka/autoware.ai/install/sick_ldmrs_driver;/home/yutaka/autoware.ai/install/sick_ldmrs_msgs;/home/yutaka/autoware.ai/install/sick_ldmrs_description;/home/yutaka/autoware.ai/install/points2image;/home/yutaka/autoware.ai/install/rosinterface;/home/yutaka/autoware.ai/install/rosbag_controller;/home/yutaka/autoware.ai/install/pure_pursuit;/home/yutaka/autoware.ai/install/points_preprocessor;/home/yutaka/autoware.ai/install/mpc_follower;/home/yutaka/autoware.ai/install/lidar_localizer;/home/yutaka/autoware.ai/install/emergency_handler;/home/yutaka/autoware.ai/install/autoware_health_checker;/home/yutaka/autoware.ai/install/as;/home/yutaka/autoware.ai/install/ros_observer;/home/yutaka/autoware.ai/install/roi_object_filter;/home/yutaka/autoware.ai/install/range_vision_fusion;/home/yutaka/autoware.ai/install/qpoases_vendor;/home/yutaka/autoware.ai/install/pos_db;/home/yutaka/autoware.ai/install/points_downsampler;/home/yutaka/autoware.ai/install/pixel_cloud_fusion;/home/yutaka/autoware.ai/install/pcl_omp_registration;/home/yutaka/autoware.ai/install/pc2_downsampler;/home/yutaka/autoware.ai/install/oculus_socket;/home/yutaka/autoware.ai/install/obj_db;/home/yutaka/autoware.ai/install/nmea_navsat;/home/yutaka/autoware.ai/install/ndt_tku;/home/yutaka/autoware.ai/install/ndt_gpu;/home/yutaka/autoware.ai/install/ndt_cpu;/home/yutaka/autoware.ai/install/multi_lidar_calibrator;/home/yutaka/autoware.ai/install/mrt_cmake_modules;/home/yutaka/autoware.ai/install/microstrain_driver;/home/yutaka/autoware.ai/install/memsic_imu;/home/yutaka/autoware.ai/install/marker_downsampler;/home/yutaka/autoware.ai/install/map_tools;/home/yutaka/autoware.ai/install/map_tf_generator;/home/yutaka/autoware.ai/install/log_tools;/home/yutaka/autoware.ai/install/lidar_shape_estimation;/home/yutaka/autoware.ai/install/lidar_point_pillars;/home/yutaka/autoware.ai/install/lidar_naive_l_shape_detect;/home/yutaka/autoware.ai/install/lidar_fake_perception;/home/yutaka/autoware.ai/install/lidar_apollo_cnn_seg_detect;/home/yutaka/autoware.ai/install/libwaypoint_follower;/home/yutaka/autoware.ai/install/lgsvl_simulator_bridge;/home/yutaka/autoware.ai/install/lanelet2_extension;/home/yutaka/autoware.ai/install/lanelet2_validation;/home/yutaka/autoware.ai/install/lanelet2_examples;/home/yutaka/autoware.ai/install/lanelet2_python;/home/yutaka/autoware.ai/install/lanelet2_routing;/home/yutaka/autoware.ai/install/lanelet2_traffic_rules;/home/yutaka/autoware.ai/install/lanelet2_projection;/home/yutaka/autoware.ai/install/lanelet2_maps;/home/yutaka/autoware.ai/install/lanelet2_io;/home/yutaka/autoware.ai/install/lanelet2_core;/home/yutaka/autoware.ai/install/kvaser;/home/yutaka/autoware.ai/install/kitti_launch;/home/yutaka/autoware.ai/install/kitti_player;/home/yutaka/autoware.ai/install/kitti_box_publisher;/home/yutaka/autoware.ai/install/javad_navsat_driver;/home/yutaka/autoware.ai/install/integrated_viewer;/home/yutaka/autoware.ai/install/image_processor;/home/yutaka/autoware.ai/install/hokuyo;/home/yutaka/autoware.ai/install/graph_tools;/home/yutaka/autoware.ai/install/gnss_localizer;/home/yutaka/autoware.ai/install/gnss;/home/yutaka/autoware.ai/install/glviewer;/home/yutaka/autoware.ai/install/gazebo_world_description;/home/yutaka/autoware.ai/install/gazebo_imu_description;/home/yutaka/autoware.ai/install/gazebo_camera_description;/home/yutaka/autoware.ai/install/garmin;/home/yutaka/autoware.ai/install/freespace_planner;/home/yutaka/autoware.ai/install/fastvirtualscan;/home/yutaka/autoware.ai/install/ekf_localizer;/home/yutaka/autoware.ai/install/ds4_msgs;/home/yutaka/autoware.ai/install/ds4_driver;/home/yutaka/autoware.ai/install/detected_objects_visualizer;/home/yutaka/autoware.ai/install/decision_maker_panel;/home/yutaka/autoware.ai/install/data_preprocessor;/home/yutaka/autoware.ai/install/custom_msgs;/home/yutaka/autoware.ai/install/calibration_publisher;/home/yutaka/autoware.ai/install/autoware_system_msgs;/home/yutaka/autoware.ai/install/autoware_rviz_plugins;/home/yutaka/autoware.ai/install/autoware_quickstart_examples;/home/yutaka/autoware.ai/install/autoware_pointgrey_drivers;/home/yutaka/autoware.ai/install/autoware_driveworks_interface;/home/yutaka/autoware.ai/install/autoware_connector;/home/yutaka/autoware.ai/install/autoware_camera_lidar_calibrator;/home/yutaka/autoware.ai/install/astar_search;/home/yutaka/autoware.ai/install/amathutils_lib;/home/yutaka/autoware.ai/install/autoware_msgs;/home/yutaka/autoware.ai/install/autoware_map_msgs;/home/yutaka/autoware.ai/install/autoware_launcher_rviz;/home/yutaka/autoware.ai/install/autoware_launcher;/home/yutaka/autoware.ai/install/autoware_lanelet2_msgs;/home/yutaka/autoware.ai/install/autoware_external_msgs;/home/yutaka/autoware.ai/install/autoware_driveworks_gmsl_interface;/home/yutaka/autoware.ai/install/autoware_config_msgs;/home/yutaka/autoware.ai/install/autoware_can_msgs;/home/yutaka/autoware.ai/install/autoware_build_flags;/home/yutaka/autoware.ai/install/autoware_bag_tools;/home/yutaka/autoware.ai/install/adi_driver;/opt/ros/kinetic
-- This workspace overlays: /home/yutaka/autoware.ai/install/ymc;/home/yutaka/autoware.ai/install/xsens_driver;/home/yutaka/autoware.ai/install/wf_simulator;/home/yutaka/autoware.ai/install/lattice_planner;/home/yutaka/autoware.ai/install/waypoint_planner;/home/yutaka/autoware.ai/install/waypoint_maker;/home/yutaka/autoware.ai/install/way_planner;/home/yutaka/autoware.ai/install/vlg22c_cam;/home/yutaka/autoware.ai/install/vision_ssd_detect;/home/yutaka/autoware.ai/install/vision_segment_enet_detect;/home/yutaka/autoware.ai/install/vision_lane_detect;/home/yutaka/autoware.ai/install/vision_darknet_detect;/home/yutaka/autoware.ai/install/vision_beyond_track;/home/yutaka/autoware.ai/install/vel_pose_diff_checker;/home/yutaka/autoware.ai/install/vehicle_socket;/home/yutaka/autoware.ai/install/vehicle_model;/home/yutaka/autoware.ai/install/vehicle_gazebo_simulation_launcher;/home/yutaka/autoware.ai/install/vehicle_gazebo_simulation_interface;/home/yutaka/autoware.ai/install/vehicle_engage_panel;/home/yutaka/autoware.ai/install/vehicle_description;/home/yutaka/autoware.ai/install/trafficlight_recognizer;/home/yutaka/autoware.ai/install/op_utilities;/home/yutaka/autoware.ai/install/op_simulation_package;/home/yutaka/autoware.ai/install/op_local_planner;/home/yutaka/autoware.ai/install/op_global_planner;/home/yutaka/autoware.ai/install/lidar_kf_contour_track;/home/yutaka/autoware.ai/install/op_ros_helpers;/home/yutaka/autoware.ai/install/ff_waypoint_follower;/home/yutaka/autoware.ai/install/dp_planner;/home/yutaka/autoware.ai/install/op_simu;/home/yutaka/autoware.ai/install/op_planner;/home/yutaka/autoware.ai/install/op_utility;/home/yutaka/autoware.ai/install/lidar_euclidean_cluster_detect;/home/yutaka/autoware.ai/install/vector_map_server;/home/yutaka/autoware.ai/install/speed_planner;/home/yutaka/autoware.ai/install/road_occupancy_processor;/home/yutaka/autoware.ai/install/costmap_generator;/home/yutaka/autoware.ai/install/object_map;/home/yutaka/autoware.ai/install/naive_motion_predict;/home/yutaka/autoware.ai/install/lanelet_aisan_converter;/home/yutaka/autoware.ai/install/map_file;/home/yutaka/autoware.ai/install/libvectormap;/home/yutaka/autoware.ai/install/lane_planner;/home/yutaka/autoware.ai/install/imm_ukf_pda_track;/home/yutaka/autoware.ai/install/decision_maker;/home/yutaka/autoware.ai/install/vector_map;/home/yutaka/autoware.ai/install/vector_map_msgs;/home/yutaka/autoware.ai/install/vectacam;/home/yutaka/autoware.ai/install/udon_socket;/home/yutaka/autoware.ai/install/twist_generator;/home/yutaka/autoware.ai/install/twist_gate;/home/yutaka/autoware.ai/install/twist_filter;/home/yutaka/autoware.ai/install/twist2odom;/home/yutaka/autoware.ai/install/tablet_socket;/home/yutaka/autoware.ai/install/runtime_manager;/home/yutaka/autoware.ai/install/mqtt_socket;/home/yutaka/autoware.ai/install/tablet_socket_msgs;/home/yutaka/autoware.ai/install/state_machine_lib;/home/yutaka/autoware.ai/install/sound_player;/home/yutaka/autoware.ai/install/sick_lms5xx;/home/yutaka/autoware.ai/install/sick_ldmrs_tools;/home/yutaka/autoware.ai/install/sick_ldmrs_driver;/home/yutaka/autoware.ai/install/sick_ldmrs_msgs;/home/yutaka/autoware.ai/install/sick_ldmrs_description;/home/yutaka/autoware.ai/install/points2image;/home/yutaka/autoware.ai/install/rosinterface;/home/yutaka/autoware.ai/install/rosbag_controller;/home/yutaka/autoware.ai/install/pure_pursuit;/home/yutaka/autoware.ai/install/points_preprocessor;/home/yutaka/autoware.ai/install/mpc_follower;/home/yutaka/autoware.ai/install/lidar_localizer;/home/yutaka/autoware.ai/install/emergency_handler;/home/yutaka/autoware.ai/install/autoware_health_checker;/home/yutaka/autoware.ai/install/as;/home/yutaka/autoware.ai/install/ros_observer;/home/yutaka/autoware.ai/install/roi_object_filter;/home/yutaka/autoware.ai/install/range_vision_fusion;/home/yutaka/autoware.ai/install/qpoases_vendor;/home/yutaka/autoware.ai/install/pos_db;/home/yutaka/autoware.ai/install/points_downsampler;/home/yutaka/autoware.ai/install/pixel_cloud_fusion;/home/yutaka/autoware.ai/install/pcl_omp_registration;/home/yutaka/autoware.ai/install/pc2_downsampler;/home/yutaka/autoware.ai/install/oculus_socket;/home/yutaka/autoware.ai/install/obj_db;/home/yutaka/autoware.ai/install/nmea_navsat;/home/yutaka/autoware.ai/install/ndt_tku;/home/yutaka/autoware.ai/install/ndt_gpu;/home/yutaka/autoware.ai/install/ndt_cpu;/home/yutaka/autoware.ai/install/multi_lidar_calibrator;/home/yutaka/autoware.ai/install/mrt_cmake_modules;/home/yutaka/autoware.ai/install/microstrain_driver;/home/yutaka/autoware.ai/install/memsic_imu;/home/yutaka/autoware.ai/install/marker_downsampler;/home/yutaka/autoware.ai/install/map_tools;/home/yutaka/autoware.ai/install/map_tf_generator;/home/yutaka/autoware.ai/install/log_tools;/home/yutaka/autoware.ai/install/lidar_shape_estimation;/home/yutaka/autoware.ai/install/lidar_point_pillars;/home/yutaka/autoware.ai/install/lidar_naive_l_shape_detect;/home/yutaka/autoware.ai/install/lidar_fake_perception;/home/yutaka/autoware.ai/install/lidar_apollo_cnn_seg_detect;/home/yutaka/autoware.ai/install/libwaypoint_follower;/home/yutaka/autoware.ai/install/lgsvl_simulator_bridge;/home/yutaka/autoware.ai/install/lanelet2_extension;/home/yutaka/autoware.ai/install/lanelet2_validation;/home/yutaka/autoware.ai/install/lanelet2_examples;/home/yutaka/autoware.ai/install/lanelet2_python;/home/yutaka/autoware.ai/install/lanelet2_routing;/home/yutaka/autoware.ai/install/lanelet2_traffic_rules;/home/yutaka/autoware.ai/install/lanelet2_projection;/home/yutaka/autoware.ai/install/lanelet2_maps;/home/yutaka/autoware.ai/install/lanelet2_io;/home/yutaka/autoware.ai/install/lanelet2_core;/home/yutaka/autoware.ai/install/kvaser;/home/yutaka/autoware.ai/install/kitti_launch;/home/yutaka/autoware.ai/install/kitti_player;/home/yutaka/autoware.ai/install/kitti_box_publisher;/home/yutaka/autoware.ai/install/javad_navsat_driver;/home/yutaka/autoware.ai/install/integrated_viewer;/home/yutaka/autoware.ai/install/image_processor;/home/yutaka/autoware.ai/install/hokuyo;/home/yutaka/autoware.ai/install/graph_tools;/home/yutaka/autoware.ai/install/gnss_localizer;/home/yutaka/autoware.ai/install/gnss;/home/yutaka/autoware.ai/install/glviewer;/home/yutaka/autoware.ai/install/gazebo_world_description;/home/yutaka/autoware.ai/install/gazebo_imu_description;/home/yutaka/autoware.ai/install/gazebo_camera_description;/home/yutaka/autoware.ai/install/garmin;/home/yutaka/autoware.ai/install/freespace_planner;/home/yutaka/autoware.ai/install/fastvirtualscan;/home/yutaka/autoware.ai/install/ekf_localizer;/home/yutaka/autoware.ai/install/ds4_msgs;/home/yutaka/autoware.ai/install/ds4_driver;/home/yutaka/autoware.ai/install/detected_objects_visualizer;/home/yutaka/autoware.ai/install/decision_maker_panel;/home/yutaka/autoware.ai/install/data_preprocessor;/home/yutaka/autoware.ai/install/custom_msgs;/home/yutaka/autoware.ai/install/calibration_publisher;/home/yutaka/autoware.ai/install/autoware_system_msgs;/home/yutaka/autoware.ai/install/autoware_rviz_plugins;/home/yutaka/autoware.ai/install/autoware_quickstart_examples;/home/yutaka/autoware.ai/install/autoware_pointgrey_drivers;/home/yutaka/autoware.ai/install/autoware_driveworks_interface;/home/yutaka/autoware.ai/install/autoware_connector;/home/yutaka/autoware.ai/install/autoware_camera_lidar_calibrator;/home/yutaka/autoware.ai/install/astar_search;/home/yutaka/autoware.ai/install/amathutils_lib;/home/yutaka/autoware.ai/install/autoware_msgs;/home/yutaka/autoware.ai/install/autoware_map_msgs;/home/yutaka/autoware.ai/install/autoware_launcher_rviz;/home/yutaka/autoware.ai/install/autoware_launcher;/home/yutaka/autoware.ai/install/autoware_lanelet2_msgs;/home/yutaka/autoware.ai/install/autoware_external_msgs;/home/yutaka/autoware.ai/install/autoware_driveworks_gmsl_interface;/home/yutaka/autoware.ai/install/autoware_config_msgs;/home/yutaka/autoware.ai/install/autoware_can_msgs;/home/yutaka/autoware.ai/install/autoware_build_flags;/home/yutaka/autoware.ai/install/autoware_bag_tools;/home/yutaka/autoware.ai/install/adi_driver;/opt/ros/kinetic
-- Found PythonInterp: /usr/bin/python (found version "2.7.12") 
-- Using PYTHON_EXECUTABLE: /usr/bin/python
-- Using Debian Python package layout
-- Using empy: /usr/bin/empy
-- Using CATKIN_ENABLE_TESTING: ON
-- Call enable_testing()
-- Using CATKIN_TEST_RESULTS_DIR: /home/yutaka/autoware.ai/src/autoware/core_planning/speed_planner/build/speed_planner/test_results
-- Found gmock sources under '/usr/src/gmock': gmock will be built
-- Looking for pthread.h
-- Looking for pthread.h - found
-- Looking for pthread_create
-- Looking for pthread_create - not found
-- Looking for pthread_create in pthreads
-- Looking for pthread_create in pthreads - not found
-- Looking for pthread_create in pthread
-- Looking for pthread_create in pthread - found
-- Found Threads: TRUE  
-- Found gtest sources under '/usr/src/gmock': gtests will be built
-- Using Python nosetests: /usr/bin/nosetests-2.7
-- catkin 0.7.18
-- BUILD_SHARED_LIBS is on
-- Using these message generators: gencpp;geneus;genlisp;gennodejs;genpy
-- Configuring done
-- Generating done
-- Build files have been written to: /home/yutaka/autoware.ai/src/autoware/core_planning/speed_planner/build/speed_planner
[35m[1mScanning dependencies of target actionlib_msgs_generate_messages_lisp[0m
[35m[1mScanning dependencies of target visualization_msgs_generate_messages_cpp[0m
[35m[1mScanning dependencies of target visualization_msgs_generate_messages_lisp[0m
[35m[1mScanning dependencies of target vector_map_msgs_generate_messages_eus[0m
[35m[1mScanning dependencies of target vector_map_msgs_generate_messages_nodejs[0m
[35m[1mScanning dependencies of target vector_map_msgs_generate_messages_py[0m
[35m[1mScanning dependencies of target tf_generate_messages_py[0m
[  0%] Built target visualization_msgs_generate_messages_cpp
[35m[1mScanning dependencies of target visualization_msgs_generate_messages_py[0m
[  0%] Built target actionlib_msgs_generate_messages_lisp
[  0%] Built target vector_map_msgs_generate_messages_eus
[  0%] Built target vector_map_msgs_generate_messages_nodejs
[  0%] Built target tf_generate_messages_py
[  0%] Built target vector_map_msgs_generate_messages_py
[35m[1mScanning dependencies of target actionlib_generate_messages_eus[0m
[  0%] Built target visualization_msgs_generate_messages_py
[  0%] Built target visualization_msgs_generate_messages_lisp
[35m[1mScanning dependencies of target tf_generate_messages_eus[0m
[35m[1mScanning dependencies of target tf2_msgs_generate_messages_lisp[0m
[35m[1mScanning dependencies of target tf2_msgs_generate_messages_eus[0m
[  0%] Built target tf_generate_messages_eus
[35m[1mScanning dependencies of target tf2_msgs_generate_messages_nodejs[0m
[35m[1mScanning dependencies of target tf_generate_messages_lisp[0m
[35m[1mScanning dependencies of target tf2_msgs_generate_messages_cpp[0m
[  0%] Built target tf2_msgs_generate_messages_lisp
[  0%] Built target actionlib_generate_messages_eus
[35m[1mScanning dependencies of target rosgraph_msgs_generate_messages_py[0m
[  0%] Built target tf2_msgs_generate_messages_eus
[35m[1mScanning dependencies of target rosgraph_msgs_generate_messages_nodejs[0m
[  0%] Built target tf_generate_messages_lisp
[  0%] Built target tf2_msgs_generate_messages_nodejs
[  0%] Built target tf2_msgs_generate_messages_cpp
[35m[1mScanning dependencies of target tf_generate_messages_nodejs[0m
[  0%] Built target rosgraph_msgs_generate_messages_py
[  0%] Built target rosgraph_msgs_generate_messages_nodejs
[35m[1mScanning dependencies of target rosgraph_msgs_generate_messages_lisp[0m
[35m[1mScanning dependencies of target rosgraph_msgs_generate_messages_eus[0m
[  0%] Built target tf_generate_messages_nodejs
[35m[1mScanning dependencies of target roscpp_generate_messages_nodejs[0m
[35m[1mScanning dependencies of target roscpp_generate_messages_py[0m
[35m[1mScanning dependencies of target roscpp_generate_messages_lisp[0m
[35m[1mScanning dependencies of target roscpp_generate_messages_cpp[0m
[  0%] Built target rosgraph_msgs_generate_messages_eus
[  0%] Built target roscpp_generate_messages_py
[  0%] Built target roscpp_generate_messages_nodejs
[  0%] Built target rosgraph_msgs_generate_messages_lisp
[  0%] Built target roscpp_generate_messages_cpp
[35m[1mScanning dependencies of target sensor_msgs_generate_messages_cpp[0m
[35m[1mScanning dependencies of target roscpp_generate_messages_eus[0m
[35m[1mScanning dependencies of target actionlib_msgs_generate_messages_py[0m
[35m[1mScanning dependencies of target std_msgs_generate_messages_lisp[0m
[  0%] Built target sensor_msgs_generate_messages_cpp
[35m[1mScanning dependencies of target geometry_msgs_generate_messages_nodejs[0m
[  0%] Built target actionlib_msgs_generate_messages_py
[35m[1mScanning dependencies of target geometry_msgs_generate_messages_eus[0m
[  0%] Built target std_msgs_generate_messages_lisp
[  0%] Built target roscpp_generate_messages_lisp
[35m[1mScanning dependencies of target std_msgs_generate_messages_py[0m
[35m[1mScanning dependencies of target jsk_recognition_msgs_generate_messages_lisp[0m
[  0%] Built target roscpp_generate_messages_eus
[35m[1mScanning dependencies of target std_msgs_generate_messages_eus[0m
[  0%] Built target geometry_msgs_generate_messages_nodejs
[  0%] Built target jsk_recognition_msgs_generate_messages_lisp
[  0%] Built target geometry_msgs_generate_messages_eus
[35m[1mScanning dependencies of target pcl_msgs_generate_messages_lisp[0m
[  0%] Built target std_msgs_generate_messages_py
[35m[1mScanning dependencies of target geometry_msgs_generate_messages_cpp[0m
[35m[1mScanning dependencies of target sensor_msgs_generate_messages_nodejs[0m
[  0%] Built target std_msgs_generate_messages_eus
[35m[1mScanning dependencies of target autoware_msgs_generate_messages_py[0m
[35m[1mScanning dependencies of target std_msgs_generate_messages_nodejs[0m
[  0%] Built target pcl_msgs_generate_messages_lisp
[35m[1mScanning dependencies of target tf_generate_messages_cpp[0m
[  0%] Built target sensor_msgs_generate_messages_nodejs
[35m[1mScanning dependencies of target geometry_msgs_generate_messages_py[0m
[35m[1mScanning dependencies of target vector_map_msgs_generate_messages_lisp[0m
[  0%] Built target std_msgs_generate_messages_nodejs
[  0%] Built target geometry_msgs_generate_messages_cpp
[  0%] Built target autoware_msgs_generate_messages_py
[  0%] Built target tf_generate_messages_cpp
[  0%] Built target vector_map_msgs_generate_messages_lisp
[  0%] Built target geometry_msgs_generate_messages_py
[35m[1mScanning dependencies of target autoware_msgs_generate_messages_cpp[0m
[35m[1mScanning dependencies of target sensor_msgs_generate_messages_py[0m
[35m[1mScanning dependencies of target actionlib_generate_messages_cpp[0m
[35m[1mScanning dependencies of target actionlib_generate_messages_py[0m
[35m[1mScanning dependencies of target sensor_msgs_generate_messages_lisp[0m
[35m[1mScanning dependencies of target jsk_recognition_msgs_generate_messages_cpp[0m
[35m[1mScanning dependencies of target autoware_msgs_generate_messages_eus[0m
[  0%] Built target autoware_msgs_generate_messages_cpp
[35m[1mScanning dependencies of target pcl_msgs_generate_messages_py[0m
[  0%] Built target sensor_msgs_generate_messages_lisp
[  0%] Built target sensor_msgs_generate_messages_py
[  0%] Built target jsk_recognition_msgs_generate_messages_cpp
[  0%] Built target actionlib_generate_messages_py
[  0%] Built target actionlib_generate_messages_cpp
[  0%] Built target pcl_msgs_generate_messages_py
[  0%] Built target autoware_msgs_generate_messages_eus
[35m[1mScanning dependencies of target jsk_recognition_msgs_generate_messages_nodejs[0m
[35m[1mScanning dependencies of target pcl_msgs_generate_messages_cpp[0m
[35m[1mScanning dependencies of target jsk_recognition_msgs_generate_messages_py[0m
[35m[1mScanning dependencies of target pcl_msgs_generate_messages_eus[0m
[35m[1mScanning dependencies of target jsk_footstep_msgs_generate_messages_cpp[0m
[35m[1mScanning dependencies of target rosgraph_msgs_generate_messages_cpp[0m
[35m[1mScanning dependencies of target autoware_msgs_generate_messages_lisp[0m
[  0%] Built target jsk_recognition_msgs_generate_messages_py
[35m[1mScanning dependencies of target geometry_msgs_generate_messages_lisp[0m
[  0%] Built target jsk_recognition_msgs_generate_messages_nodejs
[  0%] Built target pcl_msgs_generate_messages_cpp
[  0%] Built target jsk_footstep_msgs_generate_messages_cpp
[35m[1mScanning dependencies of target pcl_msgs_generate_messages_nodejs[0m
[  0%] Built target autoware_msgs_generate_messages_lisp
[  0%] Built target pcl_msgs_generate_messages_eus
[35m[1mScanning dependencies of target autoware_msgs_generate_messages_nodejs[0m
[35m[1mScanning dependencies of target _catkin_empty_exported_target[0m
[35m[1mScanning dependencies of target jsk_footstep_msgs_generate_messages_eus[0m
[  0%] Built target rosgraph_msgs_generate_messages_cpp
[35m[1mScanning dependencies of target visualization_msgs_generate_messages_eus[0m
[  0%] Built target autoware_msgs_generate_messages_nodejs
[  0%] Built target geometry_msgs_generate_messages_lisp
[  0%] Built target pcl_msgs_generate_messages_nodejs
[35m[1mScanning dependencies of target visualization_msgs_generate_messages_nodejs[0m
[  0%] Built target _catkin_empty_exported_target
[  0%] Built target visualization_msgs_generate_messages_eus
[35m[1mScanning dependencies of target vector_map_msgs_generate_messages_cpp[0m
[  0%] Built target jsk_footstep_msgs_generate_messages_eus
[35m[1mScanning dependencies of target jsk_footstep_msgs_generate_messages_nodejs[0m
[35m[1mScanning dependencies of target tf2_msgs_generate_messages_py[0m
[35m[1mScanning dependencies of target jsk_footstep_msgs_generate_messages_lisp[0m
[  0%] Built target visualization_msgs_generate_messages_nodejs
[  0%] Built target vector_map_msgs_generate_messages_cpp
[35m[1mScanning dependencies of target actionlib_generate_messages_lisp[0m
[35m[1mScanning dependencies of target actionlib_msgs_generate_messages_nodejs[0m
[35m[1mScanning dependencies of target actionlib_msgs_generate_messages_eus[0m
[  0%] Built target tf2_msgs_generate_messages_py
[35m[1mScanning dependencies of target jsk_footstep_msgs_generate_messages_py[0m
[  0%] Built target jsk_footstep_msgs_generate_messages_nodejs
[  0%] Built target actionlib_generate_messages_lisp
[  0%] Built target jsk_footstep_msgs_generate_messages_lisp
[35m[1mScanning dependencies of target actionlib_generate_messages_nodejs[0m
[  0%] Built target jsk_footstep_msgs_generate_messages_py
[35m[1mScanning dependencies of target sensor_msgs_generate_messages_eus[0m
[35m[1mScanning dependencies of target jsk_recognition_msgs_generate_messages_eus[0m
[  0%] Built target actionlib_msgs_generate_messages_eus
[  0%] Built target actionlib_msgs_generate_messages_nodejs
[35m[1mScanning dependencies of target actionlib_msgs_generate_messages_cpp[0m
[35m[1mScanning dependencies of target std_msgs_generate_messages_cpp[0m
[  0%] Built target sensor_msgs_generate_messages_eus
[  0%] Built target actionlib_generate_messages_nodejs
[  0%] Built target jsk_recognition_msgs_generate_messages_eus
[  0%] Built target std_msgs_generate_messages_cpp
[  0%] Built target actionlib_msgs_generate_messages_cpp
[35m[1mScanning dependencies of target speed_planner[0m
[ 20%] [32mBuilding CXX object CMakeFiles/speed_planner.dir/src/collision_checker.cpp.o[0m
[ 40%] [32mBuilding CXX object CMakeFiles/speed_planner.dir/src/convex_speed_optimizer.cpp.o[0m
[ 60%] [32mBuilding CXX object CMakeFiles/speed_planner.dir/src/speed_planner_node.cpp.o[0m
[ 80%] [32mBuilding CXX object CMakeFiles/speed_planner.dir/src/trajectory_loader.cpp.o[0m
[100%] [32m[1mLinking CXX executable devel/lib/speed_planner/speed_planner[0m
[100%] Built target speed_planner
[35m[1mScanning dependencies of target tests[0m
Built target tests
[  0%] Built target actionlib_msgs_generate_messages_lisp
[  0%] Built target visualization_msgs_generate_messages_py
[  0%] Built target visualization_msgs_generate_messages_lisp
[  0%] Built target vector_map_msgs_generate_messages_py
[  0%] Built target vector_map_msgs_generate_messages_eus
[  0%] Built target tf_generate_messages_py
[  0%] Built target visualization_msgs_generate_messages_cpp
[  0%] Built target vector_map_msgs_generate_messages_nodejs
[  0%] Built target tf2_msgs_generate_messages_eus
[  0%] Built target tf_generate_messages_eus
[  0%] Built target tf2_msgs_generate_messages_nodejs
[  0%] Built target actionlib_generate_messages_eus
[  0%] Built target tf_generate_messages_lisp
[  0%] Built target rosgraph_msgs_generate_messages_py
[  0%] Built target tf2_msgs_generate_messages_lisp
[  0%] Built target tf2_msgs_generate_messages_cpp
[  0%] Built target rosgraph_msgs_generate_messages_lisp
[  0%] Built target rosgraph_msgs_generate_messages_nodejs
[  0%] Built target tf_generate_messages_nodejs
[  0%] Built target rosgraph_msgs_generate_messages_eus
[  0%] Built target roscpp_generate_messages_nodejs
[  0%] Built target roscpp_generate_messages_lisp
[  0%] Built target roscpp_generate_messages_py
[  0%] Built target roscpp_generate_messages_cpp
[  0%] Built target roscpp_generate_messages_eus
[  0%] Built target geometry_msgs_generate_messages_eus
[  0%] Built target actionlib_msgs_generate_messages_py
[  0%] Built target std_msgs_generate_messages_eus
[  0%] Built target sensor_msgs_generate_messages_cpp
[  0%] Built target geometry_msgs_generate_messages_nodejs
[  0%] Built target std_msgs_generate_messages_py
[  0%] Built target jsk_recognition_msgs_generate_messages_lisp
[  0%] Built target std_msgs_generate_messages_lisp
[  0%] Built target vector_map_msgs_generate_messages_lisp
[  0%] Built target autoware_msgs_generate_messages_py
[  0%] Built target geometry_msgs_generate_messages_cpp
[  0%] Built target sensor_msgs_generate_messages_nodejs
[  0%] Built target tf_generate_messages_cpp
[  0%] Built target geometry_msgs_generate_messages_py
[  0%] Built target pcl_msgs_generate_messages_lisp
[  0%] Built target actionlib_generate_messages_py
[  0%] Built target std_msgs_generate_messages_nodejs
[  0%] Built target autoware_msgs_generate_messages_cpp
[  0%] Built target actionlib_generate_messages_cpp
[  0%] Built target sensor_msgs_generate_messages_lisp
[  0%] Built target pcl_msgs_generate_messages_py
[  0%] Built target autoware_msgs_generate_messages_eus
[  0%] Built target jsk_recognition_msgs_generate_messages_cpp
[  0%] Built target sensor_msgs_generate_messages_py
[  0%] Built target jsk_recognition_msgs_generate_messages_nodejs
[  0%] Built target rosgraph_msgs_generate_messages_cpp
[  0%] Built target pcl_msgs_generate_messages_cpp
[  0%] Built target jsk_recognition_msgs_generate_messages_py
[  0%] Built target pcl_msgs_generate_messages_eus
[  0%] Built target autoware_msgs_generate_messages_nodejs
[  0%] Built target autoware_msgs_generate_messages_lisp
[  0%] Built target geometry_msgs_generate_messages_lisp
[  0%] Built target visualization_msgs_generate_messages_eus
[  0%] Built target pcl_msgs_generate_messages_nodejs
[  0%] Built target jsk_footstep_msgs_generate_messages_cpp
[  0%] Built target _catkin_empty_exported_target
[  0%] Built target jsk_footstep_msgs_generate_messages_eus
[  0%] Built target jsk_footstep_msgs_generate_messages_lisp
[  0%] Built target visualization_msgs_generate_messages_nodejs
[  0%] Built target tf2_msgs_generate_messages_py
[  0%] Built target jsk_footstep_msgs_generate_messages_nodejs
[  0%] Built target vector_map_msgs_generate_messages_cpp
[  0%] Built target actionlib_generate_messages_lisp
[  0%] Built target actionlib_msgs_generate_messages_nodejs
[  0%] Built target actionlib_msgs_generate_messages_eus
[  0%] Built target jsk_footstep_msgs_generate_messages_py
[  0%] Built target actionlib_generate_messages_nodejs
[  0%] Built target sensor_msgs_generate_messages_eus
[  0%] Built target jsk_recognition_msgs_generate_messages_eus
[  0%] Built target std_msgs_generate_messages_cpp
[  0%] Built target actionlib_msgs_generate_messages_cpp
[100%] Built target speed_planner
[36mInstall the project...[0m
-- Install configuration: ""
-- Installing: /home/yutaka/autoware.ai/src/autoware/core_planning/speed_planner/install/speed_planner/lib/pkgconfig/speed_planner.pc
-- Installing: /home/yutaka/autoware.ai/src/autoware/core_planning/speed_planner/install/speed_planner/share/speed_planner/cmake/speed_plannerConfig.cmake
-- Installing: /home/yutaka/autoware.ai/src/autoware/core_planning/speed_planner/install/speed_planner/share/speed_planner/cmake/speed_plannerConfig-version.cmake
-- Installing: /home/yutaka/autoware.ai/src/autoware/core_planning/speed_planner/install/speed_planner/share/speed_planner/package.xml
-- Installing: /home/yutaka/autoware.ai/src/autoware/core_planning/speed_planner/install/speed_planner/lib/speed_planner/speed_planner
-- Set runtime path of "/home/yutaka/autoware.ai/src/autoware/core_planning/speed_planner/install/speed_planner/lib/speed_planner/speed_planner" to ""
-- Installing: /home/yutaka/autoware.ai/src/autoware/core_planning/speed_planner/install/speed_planner/share/speed_planner/launch
-- Installing: /home/yutaka/autoware.ai/src/autoware/core_planning/speed_planner/install/speed_planner/share/speed_planner/launch/speed_planner.launch
