[0.143s] DEBUG:colcon:Command line arguments: ['/usr/bin/colcon', 'build', '--packages-select', 'speed_planner']
[0.143s] DEBUG:colcon:Parsed command line arguments: Namespace(ament_cmake_args=None, base_paths='.', build_base='build', catkin_cmake_args=None, catkin_skip_building_tests=False, cmake_args=None, cmake_clean_cache=False, cmake_clean_first=False, cmake_force_configure=False, cmake_target=None, cmake_target_skip_unavailable=False, continue_on_error=False, event_handlers=None, executor='parallel', ignore_user_meta=False, install_base='install', log_base='log', log_level=None, main=<bound method BuildVerb.main of <colcon_core.verb.build.BuildVerb object at 0x7f41c06398d0>>, merge_install=False, metas='./colcon.meta', packages_above=None, packages_above_depth=None, packages_end=None, packages_ignore=None, packages_ignore_regex=None, packages_select=['speed_planner'], packages_select_build_failed=False, packages_select_by_dep=None, packages_select_regex=None, packages_select_test_failures=False, packages_skip=None, packages_skip_build_finished=False, packages_skip_by_dep=None, packages_skip_regex=None, packages_skip_test_passed=False, packages_skip_up_to=None, packages_start=None, packages_up_to=None, parallel_workers=8, paths=None, symlink_install=False, test_result_base=None, verb_extension=<colcon_core.verb.build.BuildVerb object at 0x7f41c06398d0>, verb_name='build', verb_parser=<colcon_defaults.argument_parser.defaults.DefaultArgumentsDecorator object at 0x7f41c06399b0>)
[0.183s] Level 1:colcon.colcon_core.package_discovery:discover_packages(colcon_meta) check parameters
[0.183s] Level 1:colcon.colcon_core.package_discovery:discover_packages(recursive) check parameters
[0.183s] Level 1:colcon.colcon_core.package_discovery:discover_packages(ignore) check parameters
[0.183s] Level 1:colcon.colcon_core.package_discovery:discover_packages(path) check parameters
[0.183s] Level 1:colcon.colcon_core.package_discovery:discover_packages(recursive) discover
[0.184s] INFO:colcon.colcon_core.package_discovery:Crawling recursively for packages in '/home/yutaka/autoware.ai/src/autoware/core_planning/speed_planner'
[0.184s] Level 1:colcon.colcon_core.package_identification:_identify(/home/yutaka/autoware.ai/src/autoware/core_planning/speed_planner) by extensions ['ignore', 'ignore_ament_install']
[0.184s] Level 1:colcon.colcon_core.package_identification:_identify(/home/yutaka/autoware.ai/src/autoware/core_planning/speed_planner) by extension 'ignore'
[0.184s] Level 1:colcon.colcon_core.package_identification:_identify(/home/yutaka/autoware.ai/src/autoware/core_planning/speed_planner) by extension 'ignore_ament_install'
[0.184s] Level 1:colcon.colcon_core.package_identification:_identify(/home/yutaka/autoware.ai/src/autoware/core_planning/speed_planner) by extensions ['colcon_pkg']
[0.184s] Level 1:colcon.colcon_core.package_identification:_identify(/home/yutaka/autoware.ai/src/autoware/core_planning/speed_planner) by extension 'colcon_pkg'
[0.184s] Level 1:colcon.colcon_core.package_identification:_identify(/home/yutaka/autoware.ai/src/autoware/core_planning/speed_planner) by extensions ['colcon_meta']
[0.185s] Level 1:colcon.colcon_core.package_identification:_identify(/home/yutaka/autoware.ai/src/autoware/core_planning/speed_planner) by extension 'colcon_meta'
[0.185s] Level 1:colcon.colcon_core.package_identification:_identify(/home/yutaka/autoware.ai/src/autoware/core_planning/speed_planner) by extensions ['ros']
[0.185s] Level 1:colcon.colcon_core.package_identification:_identify(/home/yutaka/autoware.ai/src/autoware/core_planning/speed_planner) by extension 'ros'
[0.195s] DEBUG:colcon.colcon_core.package_identification:Package '/home/yutaka/autoware.ai/src/autoware/core_planning/speed_planner' with type 'ros.catkin' and name 'speed_planner'
[0.195s] Level 1:colcon.colcon_core.package_discovery:discover_packages(recursive) using defaults
[0.201s] Level 5:colcon.colcon_core.verb:set package 'speed_planner' build argument 'cmake_args' from command line to 'None'
[0.201s] Level 5:colcon.colcon_core.verb:set package 'speed_planner' build argument 'cmake_target' from command line to 'None'
[0.201s] Level 5:colcon.colcon_core.verb:set package 'speed_planner' build argument 'cmake_target_skip_unavailable' from command line to 'False'
[0.201s] Level 5:colcon.colcon_core.verb:set package 'speed_planner' build argument 'cmake_clean_cache' from command line to 'False'
[0.201s] Level 5:colcon.colcon_core.verb:set package 'speed_planner' build argument 'cmake_clean_first' from command line to 'False'
[0.201s] Level 5:colcon.colcon_core.verb:set package 'speed_planner' build argument 'cmake_force_configure' from command line to 'False'
[0.201s] Level 5:colcon.colcon_core.verb:set package 'speed_planner' build argument 'ament_cmake_args' from command line to 'None'
[0.201s] Level 5:colcon.colcon_core.verb:set package 'speed_planner' build argument 'catkin_cmake_args' from command line to 'None'
[0.201s] Level 5:colcon.colcon_core.verb:set package 'speed_planner' build argument 'catkin_skip_building_tests' from command line to 'False'
[0.201s] DEBUG:colcon.colcon_core.verb:Building package 'speed_planner' with the following arguments: {'ament_cmake_args': None, 'build_base': '/home/yutaka/autoware.ai/src/autoware/core_planning/speed_planner/build/speed_planner', 'catkin_cmake_args': None, 'catkin_skip_building_tests': False, 'cmake_args': None, 'cmake_clean_cache': False, 'cmake_clean_first': False, 'cmake_force_configure': False, 'cmake_target': None, 'cmake_target_skip_unavailable': False, 'install_base': '/home/yutaka/autoware.ai/src/autoware/core_planning/speed_planner/install/speed_planner', 'merge_install': False, 'path': '/home/yutaka/autoware.ai/src/autoware/core_planning/speed_planner', 'symlink_install': False, 'test_result_base': None}
[0.203s] INFO:colcon.colcon_core.executor:Executing jobs using 'parallel' executor
[0.204s] DEBUG:colcon.colcon_parallel_executor.executor.parallel:run_until_complete
[0.204s] INFO:colcon.colcon_ros.task.catkin.build:Building ROS package in '/home/yutaka/autoware.ai/src/autoware/core_planning/speed_planner' with build type 'catkin'
[0.205s] INFO:colcon.colcon_cmake.task.cmake.build:Building CMake package in '/home/yutaka/autoware.ai/src/autoware/core_planning/speed_planner'
[0.208s] INFO:colcon.colcon_core.plugin_system:Skipping extension 'colcon_core.shell.bat': Not used on non-Windows systems
[0.209s] INFO:colcon.colcon_core.shell:Skip shell extension 'powershell' for command environment: Not usable outside of PowerShell
[0.209s] DEBUG:colcon.colcon_core.shell:Skip shell extension 'dsv' for command environment
[0.220s] DEBUG:colcon.colcon_core.shell:Ignoring prefix path '/opt/ros/kinetic'
[0.229s] DEBUG:colcon.colcon_core.event_handler.log_command:Invoking command in '/home/yutaka/autoware.ai/src/autoware/core_planning/speed_planner/build/speed_planner': PS1=\[\033[01;32m\]\u@\h\[\033[01;33m\] \w$(__git_ps1) \n\[\033[01;34m\]\$\[\033[00m\] /usr/bin/cmake --build /home/yutaka/autoware.ai/src/autoware/core_planning/speed_planner/build/speed_planner -- -j8 -l8
[5.605s] DEBUG:colcon.colcon_core.event_handler.log_command:Invoked command in '/home/yutaka/autoware.ai/src/autoware/core_planning/speed_planner/build/speed_planner' returned '0': PS1=\[\033[01;32m\]\u@\h\[\033[01;33m\] \w$(__git_ps1) \n\[\033[01;34m\]\$\[\033[00m\] /usr/bin/cmake --build /home/yutaka/autoware.ai/src/autoware/core_planning/speed_planner/build/speed_planner -- -j8 -l8
[5.729s] DEBUG:colcon.colcon_core.event_handler.log_command:Invoking command in '/home/yutaka/autoware.ai/src/autoware/core_planning/speed_planner/build/speed_planner': PS1=\[\033[01;32m\]\u@\h\[\033[01;33m\] \w$(__git_ps1) \n\[\033[01;34m\]\$\[\033[00m\] /usr/bin/cmake --build /home/yutaka/autoware.ai/src/autoware/core_planning/speed_planner/build/speed_planner --target tests -- -j8 -l8
[5.825s] DEBUG:colcon.colcon_core.event_handler.log_command:Invoked command in '/home/yutaka/autoware.ai/src/autoware/core_planning/speed_planner/build/speed_planner' returned '0': PS1=\[\033[01;32m\]\u@\h\[\033[01;33m\] \w$(__git_ps1) \n\[\033[01;34m\]\$\[\033[00m\] /usr/bin/cmake --build /home/yutaka/autoware.ai/src/autoware/core_planning/speed_planner/build/speed_planner --target tests -- -j8 -l8
[5.943s] DEBUG:colcon.colcon_core.event_handler.log_command:Invoking command in '/home/yutaka/autoware.ai/src/autoware/core_planning/speed_planner/build/speed_planner': PS1=\[\033[01;32m\]\u@\h\[\033[01;33m\] \w$(__git_ps1) \n\[\033[01;34m\]\$\[\033[00m\] /usr/bin/cmake --build /home/yutaka/autoware.ai/src/autoware/core_planning/speed_planner/build/speed_planner --target install -- -j8 -l8
[6.672s] Level 1:colcon.colcon_core.shell:create_environment_hook('speed_planner', 'ros_package_path')
[6.673s] INFO:colcon.colcon_core.shell:Creating environment hook '/home/yutaka/autoware.ai/src/autoware/core_planning/speed_planner/install/speed_planner/share/speed_planner/hook/ros_package_path.ps1'
[6.673s] DEBUG:colcon.colcon_core.event_handler.log_command:Invoked command in '/home/yutaka/autoware.ai/src/autoware/core_planning/speed_planner/build/speed_planner' returned '0': PS1=\[\033[01;32m\]\u@\h\[\033[01;33m\] \w$(__git_ps1) \n\[\033[01;34m\]\$\[\033[00m\] /usr/bin/cmake --build /home/yutaka/autoware.ai/src/autoware/core_planning/speed_planner/build/speed_planner --target install -- -j8 -l8
[6.674s] INFO:colcon.colcon_core.shell:Creating environment descriptor '/home/yutaka/autoware.ai/src/autoware/core_planning/speed_planner/install/speed_planner/share/speed_planner/hook/ros_package_path.dsv'
[6.675s] INFO:colcon.colcon_core.shell:Creating environment hook '/home/yutaka/autoware.ai/src/autoware/core_planning/speed_planner/install/speed_planner/share/speed_planner/hook/ros_package_path.sh'
[6.675s] Level 1:colcon.colcon_ros.task.catkin:checking '/home/yutaka/autoware.ai/src/autoware/core_planning/speed_planner/install/speed_planner/lib/python2.7/dist-packages'
[6.675s] Level 1:colcon.colcon_ros.task.catkin:checking '/home/yutaka/autoware.ai/src/autoware/core_planning/speed_planner/install/speed_planner/lib/python2.7/site-packages'
[6.675s] Level 1:colcon.colcon_core.shell:create_environment_hook('speed_planner', 'pkg_config_path')
[6.676s] INFO:colcon.colcon_core.shell:Creating environment hook '/home/yutaka/autoware.ai/src/autoware/core_planning/speed_planner/install/speed_planner/share/speed_planner/hook/pkg_config_path.ps1'
[6.677s] INFO:colcon.colcon_core.shell:Creating environment descriptor '/home/yutaka/autoware.ai/src/autoware/core_planning/speed_planner/install/speed_planner/share/speed_planner/hook/pkg_config_path.dsv'
[6.677s] INFO:colcon.colcon_core.shell:Creating environment hook '/home/yutaka/autoware.ai/src/autoware/core_planning/speed_planner/install/speed_planner/share/speed_planner/hook/pkg_config_path.sh'
[6.680s] Level 1:colcon.colcon_core.shell:create_environment_hook('speed_planner', 'pkg_config_path_multiarch')
[6.682s] INFO:colcon.colcon_core.shell:Creating environment hook '/home/yutaka/autoware.ai/src/autoware/core_planning/speed_planner/install/speed_planner/share/speed_planner/hook/pkg_config_path_multiarch.ps1'
[6.682s] INFO:colcon.colcon_core.shell:Creating environment descriptor '/home/yutaka/autoware.ai/src/autoware/core_planning/speed_planner/install/speed_planner/share/speed_planner/hook/pkg_config_path_multiarch.dsv'
[6.683s] INFO:colcon.colcon_core.shell:Creating environment hook '/home/yutaka/autoware.ai/src/autoware/core_planning/speed_planner/install/speed_planner/share/speed_planner/hook/pkg_config_path_multiarch.sh'
[6.684s] Level 1:colcon.colcon_core.environment:create_environment_scripts_only(speed_planner)
[6.687s] Level 1:colcon.colcon_core.environment:checking '/home/yutaka/autoware.ai/src/autoware/core_planning/speed_planner/install/speed_planner' for CMake module files
[6.688s] Level 1:colcon.colcon_core.environment:checking '/home/yutaka/autoware.ai/src/autoware/core_planning/speed_planner/install/speed_planner' for CMake config files
[6.688s] Level 1:colcon.colcon_core.shell:create_environment_hook('speed_planner', 'cmake_prefix_path')
[6.689s] INFO:colcon.colcon_core.shell:Creating environment hook '/home/yutaka/autoware.ai/src/autoware/core_planning/speed_planner/install/speed_planner/share/speed_planner/hook/cmake_prefix_path.ps1'
[6.689s] INFO:colcon.colcon_core.shell:Creating environment descriptor '/home/yutaka/autoware.ai/src/autoware/core_planning/speed_planner/install/speed_planner/share/speed_planner/hook/cmake_prefix_path.dsv'
[6.690s] INFO:colcon.colcon_core.shell:Creating environment hook '/home/yutaka/autoware.ai/src/autoware/core_planning/speed_planner/install/speed_planner/share/speed_planner/hook/cmake_prefix_path.sh'
[6.691s] Level 1:colcon.colcon_core.environment:checking '/home/yutaka/autoware.ai/src/autoware/core_planning/speed_planner/install/speed_planner/lib'
[6.691s] Level 1:colcon.colcon_core.environment:checking '/home/yutaka/autoware.ai/src/autoware/core_planning/speed_planner/install/speed_planner/bin'
[6.691s] Level 1:colcon.colcon_core.environment:checking '/home/yutaka/autoware.ai/src/autoware/core_planning/speed_planner/install/speed_planner/lib/pkgconfig/speed_planner.pc'
[6.691s] Level 1:colcon.colcon_core.shell:create_environment_hook('speed_planner', 'pkg_config')
[6.692s] INFO:colcon.colcon_core.shell:Creating environment hook '/home/yutaka/autoware.ai/src/autoware/core_planning/speed_planner/install/speed_planner/share/speed_planner/hook/pkg_config.ps1'
[6.692s] INFO:colcon.colcon_core.shell:Creating environment descriptor '/home/yutaka/autoware.ai/src/autoware/core_planning/speed_planner/install/speed_planner/share/speed_planner/hook/pkg_config.dsv'
[6.692s] INFO:colcon.colcon_core.shell:Creating environment hook '/home/yutaka/autoware.ai/src/autoware/core_planning/speed_planner/install/speed_planner/share/speed_planner/hook/pkg_config.sh'
[6.693s] Level 1:colcon.colcon_core.environment:checking '/home/yutaka/autoware.ai/src/autoware/core_planning/speed_planner/install/speed_planner/lib/python3.5/site-packages'
[6.693s] INFO:colcon.colcon_core.shell:Creating package script '/home/yutaka/autoware.ai/src/autoware/core_planning/speed_planner/install/speed_planner/share/speed_planner/package.ps1'
[6.694s] INFO:colcon.colcon_core.shell:Creating package descriptor '/home/yutaka/autoware.ai/src/autoware/core_planning/speed_planner/install/speed_planner/share/speed_planner/package.dsv'
[6.695s] INFO:colcon.colcon_core.shell:Creating package script '/home/yutaka/autoware.ai/src/autoware/core_planning/speed_planner/install/speed_planner/share/speed_planner/package.sh'
[6.696s] INFO:colcon.colcon_core.shell:Creating package script '/home/yutaka/autoware.ai/src/autoware/core_planning/speed_planner/install/speed_planner/share/speed_planner/package.bash'
[6.697s] INFO:colcon.colcon_core.shell:Creating package script '/home/yutaka/autoware.ai/src/autoware/core_planning/speed_planner/install/speed_planner/share/speed_planner/package.zsh'
[6.697s] Level 1:colcon.colcon_core.environment:create_file_with_runtime_dependencies(/home/yutaka/autoware.ai/src/autoware/core_planning/speed_planner/install/speed_planner/share/colcon-core/packages/speed_planner)
[6.698s] DEBUG:colcon.colcon_parallel_executor.executor.parallel:closing loop
[6.699s] DEBUG:colcon.colcon_parallel_executor.executor.parallel:loop closed
[6.699s] DEBUG:colcon.colcon_parallel_executor.executor.parallel:run_until_complete finished with '0'
[6.699s] DEBUG:colcon.colcon_core.event_reactor:joining thread
[6.701s] INFO:colcon.colcon_core.plugin_system:Skipping extension 'colcon_notification.desktop_notification.win32': Not used on non-Windows systems
[6.706s] INFO:colcon.colcon_core.plugin_system:Skipping extension 'colcon_notification.desktop_notification.terminal_notifier': Not used on non-Darwin systems
[6.706s] INFO:colcon.colcon_notification.desktop_notification:Sending desktop notification using 'notify2'
[6.837s] DEBUG:colcon.colcon_core.event_reactor:joined thread
[6.838s] INFO:colcon.colcon_core.shell:Creating prefix script '/home/yutaka/autoware.ai/src/autoware/core_planning/speed_planner/install/local_setup.ps1'
[6.839s] INFO:colcon.colcon_core.shell:Creating prefix util module '/home/yutaka/autoware.ai/src/autoware/core_planning/speed_planner/install/_local_setup_util_ps1.py'
[6.840s] INFO:colcon.colcon_core.shell:Creating prefix chain script '/home/yutaka/autoware.ai/src/autoware/core_planning/speed_planner/install/setup.ps1'
[6.850s] INFO:colcon.colcon_core.shell:Creating prefix script '/home/yutaka/autoware.ai/src/autoware/core_planning/speed_planner/install/local_setup.sh'
[6.851s] INFO:colcon.colcon_core.shell:Creating prefix util module '/home/yutaka/autoware.ai/src/autoware/core_planning/speed_planner/install/_local_setup_util_sh.py'
[6.852s] INFO:colcon.colcon_core.shell:Creating prefix chain script '/home/yutaka/autoware.ai/src/autoware/core_planning/speed_planner/install/setup.sh'
[6.863s] INFO:colcon.colcon_core.shell:Creating prefix script '/home/yutaka/autoware.ai/src/autoware/core_planning/speed_planner/install/local_setup.bash'
[6.864s] INFO:colcon.colcon_core.shell:Creating prefix chain script '/home/yutaka/autoware.ai/src/autoware/core_planning/speed_planner/install/setup.bash'
[6.874s] INFO:colcon.colcon_core.shell:Creating prefix script '/home/yutaka/autoware.ai/src/autoware/core_planning/speed_planner/install/local_setup.zsh'
[6.875s] INFO:colcon.colcon_core.shell:Creating prefix chain script '/home/yutaka/autoware.ai/src/autoware/core_planning/speed_planner/install/setup.zsh'
