[0.135s] DEBUG:colcon:Command line arguments: ['/usr/bin/colcon', 'build', '--packages-select', 'speed_planner']
[0.135s] DEBUG:colcon:Parsed command line arguments: Namespace(ament_cmake_args=None, base_paths='.', build_base='build', catkin_cmake_args=None, catkin_skip_building_tests=False, cmake_args=None, cmake_clean_cache=False, cmake_clean_first=False, cmake_force_configure=False, cmake_target=None, cmake_target_skip_unavailable=False, continue_on_error=False, event_handlers=None, executor='parallel', ignore_user_meta=False, install_base='install', log_base='log', log_level=None, main=<bound method BuildVerb.main of <colcon_core.verb.build.BuildVerb object at 0x7fd989c2dbe0>>, merge_install=False, metas='./colcon.meta', packages_above=None, packages_above_depth=None, packages_end=None, packages_ignore=None, packages_ignore_regex=None, packages_select=['speed_planner'], packages_select_build_failed=False, packages_select_by_dep=None, packages_select_regex=None, packages_select_test_failures=False, packages_skip=None, packages_skip_build_finished=False, packages_skip_by_dep=None, packages_skip_regex=None, packages_skip_test_passed=False, packages_skip_up_to=None, packages_start=None, packages_up_to=None, parallel_workers=8, paths=None, symlink_install=False, test_result_base=None, verb_extension=<colcon_core.verb.build.BuildVerb object at 0x7fd989c2dbe0>, verb_name='build', verb_parser=<colcon_defaults.argument_parser.defaults.DefaultArgumentsDecorator object at 0x7fd989bc0a20>)
[0.173s] Level 1:colcon.colcon_core.package_discovery:discover_packages(colcon_meta) check parameters
[0.173s] Level 1:colcon.colcon_core.package_discovery:discover_packages(recursive) check parameters
[0.173s] Level 1:colcon.colcon_core.package_discovery:discover_packages(ignore) check parameters
[0.173s] Level 1:colcon.colcon_core.package_discovery:discover_packages(path) check parameters
[0.173s] Level 1:colcon.colcon_core.package_discovery:discover_packages(recursive) discover
[0.173s] INFO:colcon.colcon_core.package_discovery:Crawling recursively for packages in '/home/yutaka/autoware.ai/src/autoware/core_planning/speed_planner'
[0.174s] Level 1:colcon.colcon_core.package_identification:_identify(/home/yutaka/autoware.ai/src/autoware/core_planning/speed_planner) by extensions ['ignore', 'ignore_ament_install']
[0.174s] Level 1:colcon.colcon_core.package_identification:_identify(/home/yutaka/autoware.ai/src/autoware/core_planning/speed_planner) by extension 'ignore'
[0.174s] Level 1:colcon.colcon_core.package_identification:_identify(/home/yutaka/autoware.ai/src/autoware/core_planning/speed_planner) by extension 'ignore_ament_install'
[0.174s] Level 1:colcon.colcon_core.package_identification:_identify(/home/yutaka/autoware.ai/src/autoware/core_planning/speed_planner) by extensions ['colcon_pkg']
[0.174s] Level 1:colcon.colcon_core.package_identification:_identify(/home/yutaka/autoware.ai/src/autoware/core_planning/speed_planner) by extension 'colcon_pkg'
[0.174s] Level 1:colcon.colcon_core.package_identification:_identify(/home/yutaka/autoware.ai/src/autoware/core_planning/speed_planner) by extensions ['colcon_meta']
[0.174s] Level 1:colcon.colcon_core.package_identification:_identify(/home/yutaka/autoware.ai/src/autoware/core_planning/speed_planner) by extension 'colcon_meta'
[0.174s] Level 1:colcon.colcon_core.package_identification:_identify(/home/yutaka/autoware.ai/src/autoware/core_planning/speed_planner) by extensions ['ros']
[0.174s] Level 1:colcon.colcon_core.package_identification:_identify(/home/yutaka/autoware.ai/src/autoware/core_planning/speed_planner) by extension 'ros'
[0.184s] DEBUG:colcon.colcon_core.package_identification:Package '/home/yutaka/autoware.ai/src/autoware/core_planning/speed_planner' with type 'ros.catkin' and name 'speed_planner'
[0.184s] Level 1:colcon.colcon_core.package_discovery:discover_packages(recursive) using defaults
[0.190s] Level 5:colcon.colcon_core.verb:set package 'speed_planner' build argument 'cmake_args' from command line to 'None'
[0.190s] Level 5:colcon.colcon_core.verb:set package 'speed_planner' build argument 'cmake_target' from command line to 'None'
[0.190s] Level 5:colcon.colcon_core.verb:set package 'speed_planner' build argument 'cmake_target_skip_unavailable' from command line to 'False'
[0.190s] Level 5:colcon.colcon_core.verb:set package 'speed_planner' build argument 'cmake_clean_cache' from command line to 'False'
[0.190s] Level 5:colcon.colcon_core.verb:set package 'speed_planner' build argument 'cmake_clean_first' from command line to 'False'
[0.190s] Level 5:colcon.colcon_core.verb:set package 'speed_planner' build argument 'cmake_force_configure' from command line to 'False'
[0.190s] Level 5:colcon.colcon_core.verb:set package 'speed_planner' build argument 'ament_cmake_args' from command line to 'None'
[0.190s] Level 5:colcon.colcon_core.verb:set package 'speed_planner' build argument 'catkin_cmake_args' from command line to 'None'
[0.190s] Level 5:colcon.colcon_core.verb:set package 'speed_planner' build argument 'catkin_skip_building_tests' from command line to 'False'
[0.190s] DEBUG:colcon.colcon_core.verb:Building package 'speed_planner' with the following arguments: {'ament_cmake_args': None, 'build_base': '/home/yutaka/autoware.ai/src/autoware/core_planning/speed_planner/build/speed_planner', 'catkin_cmake_args': None, 'catkin_skip_building_tests': False, 'cmake_args': None, 'cmake_clean_cache': False, 'cmake_clean_first': False, 'cmake_force_configure': False, 'cmake_target': None, 'cmake_target_skip_unavailable': False, 'install_base': '/home/yutaka/autoware.ai/src/autoware/core_planning/speed_planner/install/speed_planner', 'merge_install': False, 'path': '/home/yutaka/autoware.ai/src/autoware/core_planning/speed_planner', 'symlink_install': False, 'test_result_base': None}
[0.191s] INFO:colcon.colcon_core.executor:Executing jobs using 'parallel' executor
[0.192s] DEBUG:colcon.colcon_parallel_executor.executor.parallel:run_until_complete
[0.192s] INFO:colcon.colcon_ros.task.catkin.build:Building ROS package in '/home/yutaka/autoware.ai/src/autoware/core_planning/speed_planner' with build type 'catkin'
[0.192s] INFO:colcon.colcon_cmake.task.cmake.build:Building CMake package in '/home/yutaka/autoware.ai/src/autoware/core_planning/speed_planner'
[0.196s] INFO:colcon.colcon_core.plugin_system:Skipping extension 'colcon_core.shell.bat': Not used on non-Windows systems
[0.197s] INFO:colcon.colcon_core.shell:Skip shell extension 'powershell' for command environment: Not usable outside of PowerShell
[0.197s] DEBUG:colcon.colcon_core.shell:Skip shell extension 'dsv' for command environment
[0.209s] DEBUG:colcon.colcon_core.shell:Ignoring prefix path '/opt/ros/kinetic'
[0.217s] DEBUG:colcon.colcon_core.event_handler.log_command:Invoking command in '/home/yutaka/autoware.ai/src/autoware/core_planning/speed_planner/build/speed_planner': PS1=\[\033[01;32m\]\u@\h\[\033[01;33m\] \w$(__git_ps1) \n\[\033[01;34m\]\$\[\033[00m\] /usr/bin/cmake /home/yutaka/autoware.ai/src/autoware/core_planning/speed_planner -DCATKIN_INSTALL_INTO_PREFIX_ROOT=0 -DCMAKE_INSTALL_PREFIX=/home/yutaka/autoware.ai/src/autoware/core_planning/speed_planner/install/speed_planner
[2.854s] DEBUG:colcon.colcon_core.event_handler.log_command:Invoked command in '/home/yutaka/autoware.ai/src/autoware/core_planning/speed_planner/build/speed_planner' returned '0': PS1=\[\033[01;32m\]\u@\h\[\033[01;33m\] \w$(__git_ps1) \n\[\033[01;34m\]\$\[\033[00m\] /usr/bin/cmake /home/yutaka/autoware.ai/src/autoware/core_planning/speed_planner -DCATKIN_INSTALL_INTO_PREFIX_ROOT=0 -DCMAKE_INSTALL_PREFIX=/home/yutaka/autoware.ai/src/autoware/core_planning/speed_planner/install/speed_planner
[2.858s] DEBUG:colcon.colcon_core.event_handler.log_command:Invoking command in '/home/yutaka/autoware.ai/src/autoware/core_planning/speed_planner/build/speed_planner': PS1=\[\033[01;32m\]\u@\h\[\033[01;33m\] \w$(__git_ps1) \n\[\033[01;34m\]\$\[\033[00m\] /usr/bin/cmake --build /home/yutaka/autoware.ai/src/autoware/core_planning/speed_planner/build/speed_planner -- -j8 -l8
[9.674s] DEBUG:colcon.colcon_core.event_handler.log_command:Invoked command in '/home/yutaka/autoware.ai/src/autoware/core_planning/speed_planner/build/speed_planner' returned '0': PS1=\[\033[01;32m\]\u@\h\[\033[01;33m\] \w$(__git_ps1) \n\[\033[01;34m\]\$\[\033[00m\] /usr/bin/cmake --build /home/yutaka/autoware.ai/src/autoware/core_planning/speed_planner/build/speed_planner -- -j8 -l8
[9.816s] DEBUG:colcon.colcon_core.event_handler.log_command:Invoking command in '/home/yutaka/autoware.ai/src/autoware/core_planning/speed_planner/build/speed_planner': PS1=\[\033[01;32m\]\u@\h\[\033[01;33m\] \w$(__git_ps1) \n\[\033[01;34m\]\$\[\033[00m\] /usr/bin/cmake --build /home/yutaka/autoware.ai/src/autoware/core_planning/speed_planner/build/speed_planner --target tests -- -j8 -l8
[9.913s] DEBUG:colcon.colcon_core.event_handler.log_command:Invoked command in '/home/yutaka/autoware.ai/src/autoware/core_planning/speed_planner/build/speed_planner' returned '0': PS1=\[\033[01;32m\]\u@\h\[\033[01;33m\] \w$(__git_ps1) \n\[\033[01;34m\]\$\[\033[00m\] /usr/bin/cmake --build /home/yutaka/autoware.ai/src/autoware/core_planning/speed_planner/build/speed_planner --target tests -- -j8 -l8
[10.075s] DEBUG:colcon.colcon_core.event_handler.log_command:Invoking command in '/home/yutaka/autoware.ai/src/autoware/core_planning/speed_planner/build/speed_planner': PS1=\[\033[01;32m\]\u@\h\[\033[01;33m\] \w$(__git_ps1) \n\[\033[01;34m\]\$\[\033[00m\] /usr/bin/cmake --build /home/yutaka/autoware.ai/src/autoware/core_planning/speed_planner/build/speed_planner --target install -- -j8 -l8
[10.841s] Level 1:colcon.colcon_core.shell:create_environment_hook('speed_planner', 'ros_package_path')
[10.842s] INFO:colcon.colcon_core.shell:Creating environment hook '/home/yutaka/autoware.ai/src/autoware/core_planning/speed_planner/install/speed_planner/share/speed_planner/hook/ros_package_path.ps1'
[10.843s] DEBUG:colcon.colcon_core.event_handler.log_command:Invoked command in '/home/yutaka/autoware.ai/src/autoware/core_planning/speed_planner/build/speed_planner' returned '0': PS1=\[\033[01;32m\]\u@\h\[\033[01;33m\] \w$(__git_ps1) \n\[\033[01;34m\]\$\[\033[00m\] /usr/bin/cmake --build /home/yutaka/autoware.ai/src/autoware/core_planning/speed_planner/build/speed_planner --target install -- -j8 -l8
[10.849s] INFO:colcon.colcon_core.shell:Creating environment descriptor '/home/yutaka/autoware.ai/src/autoware/core_planning/speed_planner/install/speed_planner/share/speed_planner/hook/ros_package_path.dsv'
[10.849s] INFO:colcon.colcon_core.shell:Creating environment hook '/home/yutaka/autoware.ai/src/autoware/core_planning/speed_planner/install/speed_planner/share/speed_planner/hook/ros_package_path.sh'
[10.850s] Level 1:colcon.colcon_ros.task.catkin:checking '/home/yutaka/autoware.ai/src/autoware/core_planning/speed_planner/install/speed_planner/lib/python2.7/dist-packages'
[10.850s] Level 1:colcon.colcon_ros.task.catkin:checking '/home/yutaka/autoware.ai/src/autoware/core_planning/speed_planner/install/speed_planner/lib/python2.7/site-packages'
[10.850s] Level 1:colcon.colcon_core.shell:create_environment_hook('speed_planner', 'pkg_config_path')
[10.851s] INFO:colcon.colcon_core.shell:Creating environment hook '/home/yutaka/autoware.ai/src/autoware/core_planning/speed_planner/install/speed_planner/share/speed_planner/hook/pkg_config_path.ps1'
[10.851s] INFO:colcon.colcon_core.shell:Creating environment descriptor '/home/yutaka/autoware.ai/src/autoware/core_planning/speed_planner/install/speed_planner/share/speed_planner/hook/pkg_config_path.dsv'
[10.852s] INFO:colcon.colcon_core.shell:Creating environment hook '/home/yutaka/autoware.ai/src/autoware/core_planning/speed_planner/install/speed_planner/share/speed_planner/hook/pkg_config_path.sh'
[10.855s] Level 1:colcon.colcon_core.shell:create_environment_hook('speed_planner', 'pkg_config_path_multiarch')
[10.856s] INFO:colcon.colcon_core.shell:Creating environment hook '/home/yutaka/autoware.ai/src/autoware/core_planning/speed_planner/install/speed_planner/share/speed_planner/hook/pkg_config_path_multiarch.ps1'
[10.857s] INFO:colcon.colcon_core.shell:Creating environment descriptor '/home/yutaka/autoware.ai/src/autoware/core_planning/speed_planner/install/speed_planner/share/speed_planner/hook/pkg_config_path_multiarch.dsv'
[10.857s] INFO:colcon.colcon_core.shell:Creating environment hook '/home/yutaka/autoware.ai/src/autoware/core_planning/speed_planner/install/speed_planner/share/speed_planner/hook/pkg_config_path_multiarch.sh'
[10.858s] Level 1:colcon.colcon_core.environment:create_environment_scripts_only(speed_planner)
[10.862s] Level 1:colcon.colcon_core.environment:checking '/home/yutaka/autoware.ai/src/autoware/core_planning/speed_planner/install/speed_planner' for CMake module files
[10.862s] Level 1:colcon.colcon_core.environment:checking '/home/yutaka/autoware.ai/src/autoware/core_planning/speed_planner/install/speed_planner' for CMake config files
[10.863s] Level 1:colcon.colcon_core.shell:create_environment_hook('speed_planner', 'cmake_prefix_path')
[10.863s] INFO:colcon.colcon_core.shell:Creating environment hook '/home/yutaka/autoware.ai/src/autoware/core_planning/speed_planner/install/speed_planner/share/speed_planner/hook/cmake_prefix_path.ps1'
[10.864s] INFO:colcon.colcon_core.shell:Creating environment descriptor '/home/yutaka/autoware.ai/src/autoware/core_planning/speed_planner/install/speed_planner/share/speed_planner/hook/cmake_prefix_path.dsv'
[10.864s] INFO:colcon.colcon_core.shell:Creating environment hook '/home/yutaka/autoware.ai/src/autoware/core_planning/speed_planner/install/speed_planner/share/speed_planner/hook/cmake_prefix_path.sh'
[10.865s] Level 1:colcon.colcon_core.environment:checking '/home/yutaka/autoware.ai/src/autoware/core_planning/speed_planner/install/speed_planner/lib'
[10.865s] Level 1:colcon.colcon_core.environment:checking '/home/yutaka/autoware.ai/src/autoware/core_planning/speed_planner/install/speed_planner/bin'
[10.865s] Level 1:colcon.colcon_core.environment:checking '/home/yutaka/autoware.ai/src/autoware/core_planning/speed_planner/install/speed_planner/lib/pkgconfig/speed_planner.pc'
[10.865s] Level 1:colcon.colcon_core.shell:create_environment_hook('speed_planner', 'pkg_config')
[10.866s] INFO:colcon.colcon_core.shell:Creating environment hook '/home/yutaka/autoware.ai/src/autoware/core_planning/speed_planner/install/speed_planner/share/speed_planner/hook/pkg_config.ps1'
[10.866s] INFO:colcon.colcon_core.shell:Creating environment descriptor '/home/yutaka/autoware.ai/src/autoware/core_planning/speed_planner/install/speed_planner/share/speed_planner/hook/pkg_config.dsv'
[10.866s] INFO:colcon.colcon_core.shell:Creating environment hook '/home/yutaka/autoware.ai/src/autoware/core_planning/speed_planner/install/speed_planner/share/speed_planner/hook/pkg_config.sh'
[10.867s] Level 1:colcon.colcon_core.environment:checking '/home/yutaka/autoware.ai/src/autoware/core_planning/speed_planner/install/speed_planner/lib/python3.5/site-packages'
[10.868s] INFO:colcon.colcon_core.shell:Creating package script '/home/yutaka/autoware.ai/src/autoware/core_planning/speed_planner/install/speed_planner/share/speed_planner/package.ps1'
[10.869s] INFO:colcon.colcon_core.shell:Creating package descriptor '/home/yutaka/autoware.ai/src/autoware/core_planning/speed_planner/install/speed_planner/share/speed_planner/package.dsv'
[10.870s] INFO:colcon.colcon_core.shell:Creating package script '/home/yutaka/autoware.ai/src/autoware/core_planning/speed_planner/install/speed_planner/share/speed_planner/package.sh'
[10.871s] INFO:colcon.colcon_core.shell:Creating package script '/home/yutaka/autoware.ai/src/autoware/core_planning/speed_planner/install/speed_planner/share/speed_planner/package.bash'
[10.871s] INFO:colcon.colcon_core.shell:Creating package script '/home/yutaka/autoware.ai/src/autoware/core_planning/speed_planner/install/speed_planner/share/speed_planner/package.zsh'
[10.872s] Level 1:colcon.colcon_core.environment:create_file_with_runtime_dependencies(/home/yutaka/autoware.ai/src/autoware/core_planning/speed_planner/install/speed_planner/share/colcon-core/packages/speed_planner)
[10.873s] DEBUG:colcon.colcon_parallel_executor.executor.parallel:closing loop
[10.874s] DEBUG:colcon.colcon_parallel_executor.executor.parallel:loop closed
[10.874s] DEBUG:colcon.colcon_parallel_executor.executor.parallel:run_until_complete finished with '0'
[10.874s] DEBUG:colcon.colcon_core.event_reactor:joining thread
[10.877s] INFO:colcon.colcon_core.plugin_system:Skipping extension 'colcon_notification.desktop_notification.terminal_notifier': Not used on non-Darwin systems
[10.877s] INFO:colcon.colcon_core.plugin_system:Skipping extension 'colcon_notification.desktop_notification.win32': Not used on non-Windows systems
[10.885s] INFO:colcon.colcon_notification.desktop_notification:Sending desktop notification using 'notify2'
[10.985s] DEBUG:colcon.colcon_core.event_reactor:joined thread
[10.986s] INFO:colcon.colcon_core.shell:Creating prefix script '/home/yutaka/autoware.ai/src/autoware/core_planning/speed_planner/install/local_setup.ps1'
[10.987s] INFO:colcon.colcon_core.shell:Creating prefix util module '/home/yutaka/autoware.ai/src/autoware/core_planning/speed_planner/install/_local_setup_util_ps1.py'
[10.988s] INFO:colcon.colcon_core.shell:Creating prefix chain script '/home/yutaka/autoware.ai/src/autoware/core_planning/speed_planner/install/setup.ps1'
[10.997s] INFO:colcon.colcon_core.shell:Creating prefix script '/home/yutaka/autoware.ai/src/autoware/core_planning/speed_planner/install/local_setup.sh'
[10.998s] INFO:colcon.colcon_core.shell:Creating prefix util module '/home/yutaka/autoware.ai/src/autoware/core_planning/speed_planner/install/_local_setup_util_sh.py'
[10.998s] INFO:colcon.colcon_core.shell:Creating prefix chain script '/home/yutaka/autoware.ai/src/autoware/core_planning/speed_planner/install/setup.sh'
[11.007s] INFO:colcon.colcon_core.shell:Creating prefix script '/home/yutaka/autoware.ai/src/autoware/core_planning/speed_planner/install/local_setup.bash'
[11.008s] INFO:colcon.colcon_core.shell:Creating prefix chain script '/home/yutaka/autoware.ai/src/autoware/core_planning/speed_planner/install/setup.bash'
[11.019s] INFO:colcon.colcon_core.shell:Creating prefix script '/home/yutaka/autoware.ai/src/autoware/core_planning/speed_planner/install/local_setup.zsh'
[11.020s] INFO:colcon.colcon_core.shell:Creating prefix chain script '/home/yutaka/autoware.ai/src/autoware/core_planning/speed_planner/install/setup.zsh'
